{"meta": {"format": 3, "version": "7.14.3", "timestamp": "2026-08-15T20:29:01.324500", "branch_coverage": false, "show_contexts": false}, "files": {"backend\\api\\main.py": {"executed_lines": [7, 8, 9, 11, 12, 13, 14, 15, 16, 17, 18, 20, 21, 22, 23, 24, 25, 27, 29, 30, 33, 34, 68, 69, 71, 72, 73, 74, 76, 78, 79, 87, 88, 89, 90, 91, 92, 93, 96], "summary": {"covered_lines": 39, "num_statements": 57, "percent_covered": 68.42105263157895, "percent_covered_display": "68", "missing_lines": 18, "excluded_lines": 0, "percent_statements_covered": 68.42105263157895, "percent_statements_covered_display": "68"}, "missing_lines": [35, 36, 37, 39, 40, 43, 44, 45, 46, 49, 50, 51, 55, 56, 58, 63, 64, 65], "excluded_lines": [], "functions": {"lifespan": {"executed_lines": [], "summary": {"covered_lines": 0, "num_statements": 18, "percent_covered": 0.0, "percent_covered_display": "0", "missing_lines": 18, "excluded_lines": 0, "percent_statements_covered": 0.0, "percent_statements_covered_display": "0"}, "missing_lines": [35, 36, 37, 39, 40, 43, 44, 45, 46, 49, 50, 51, 55, 56, 58, 63, 64, 65], "excluded_lines": [], "start_line": 34}, "create_app": {"executed_lines": [69, 71, 72, 73, 74, 76, 78, 79, 87, 88, 89, 90, 91, 92, 93], "summary": {"covered_lines": 15, "num_statements": 15, "percent_covered": 100.0, "percent_covered_display": "100", "missing_lines": 0, "excluded_lines": 0, "percent_statements_covered": 100.0, "percent_statements_covered_display": "100"}, "missing_lines": [], "excluded_lines": [], "start_line": 68}, "": {"executed_lines": [7, 8, 9, 11, 12, 13, 14, 15, 16, 17, 18, 20, 21, 22, 23, 24, 25, 27, 29, 30, 33, 34, 68, 96], "summary": {"covered_lines": 24, "num_statements": 24, "percent_covered": 100.0, "percent_covered_display": "100", "missing_lines": 0, "excluded_lines": 0, "percent_statements_covered": 100.0, "percent_statements_covered_display": "100"}, "missing_lines": [], "excluded_lines": [], "start_line": 1}}, "classes": {"": {"executed_lines": [7, 8, 9, 11, 12, 13, 14, 15, 16, 17, 18, 20, 21, 22, 23, 24, 25, 27, 29, 30, 33, 34, 68, 69, 71, 72, 73, 74, 76, 78, 79, 87, 88, 89, 90, 91, 92, 93, 96], "summary": {"covered_lines": 39, "num_statements": 57, "percent_covered": 68.42105263157895, "percent_covered_display": "68", "missing_lines": 18, "excluded_lines": 0, "percent_statements_covered": 68.42105263157895, "percent_statements_covered_display": "68"}, "missing_lines": [35, 36, 37, 39, 40, 43, 44, 45, 46, 49, 50, 51, 55, 56, 58, 63, 64, 65], "excluded_lines": [], "start_line": 1}}}, "backend\\api\\routers\\backtest.py": {"executed_lines": [2, 3, 5, 6, 8, 10, 13, 14, 15, 16, 18, 19, 20, 21, 22, 23, 24, 27, 28, 29, 32, 33, 34, 36, 37, 38, 39, 40, 41, 43, 46, 47, 48, 50, 51, 52, 54, 55, 58, 59, 60, 61, 62, 63, 64, 65, 67, 68, 69, 70, 72, 74, 75, 76, 77, 78, 79, 80, 81, 83, 84, 85, 86, 89, 90, 91, 94, 97, 98, 99, 100, 102, 103, 104, 105, 107], "summary": {"covered_lines": 76, "num_statements": 76, "percent_covered": 100.0, "percent_covered_display": "100", "missing_lines": 0, "excluded_lines": 0, "percent_statements_covered": 100.0, "percent_statements_covered_display": "100"}, "missing_lines": [], "excluded_lines": [], "functions": {"BacktestParams.validate_ticker": {"executed_lines": [21, 22, 23, 24], "summary": {"covered_lines": 4, "num_statements": 4, "percent_covered": 100.0, "percent_covered_display": "100", "missing_lines": 0, "excluded_lines": 0, "percent_statements_covered": 100.0, "percent_statements_covered_display": "100"}, "missing_lines": [], "excluded_lines": [], "start_line": 20}, "backtest_strategies": {"executed_lines": [29], "summary": {"covered_lines": 1, "num_statements": 1, "percent_covered": 100.0, "percent_covered_display": "100", "missing_lines": 0, "excluded_lines": 0, "percent_statements_covered": 100.0, "percent_statements_covered_display": "100"}, "missing_lines": [], "excluded_lines": [], "start_line": 28}, "backtest_run": {"executed_lines": [34, 36, 37, 38, 39, 40, 41, 43, 46, 47, 48, 50, 51, 52, 54, 55, 58, 59, 60, 61, 62, 63, 64, 65, 67, 68, 69, 70, 72, 74, 75, 76, 77, 78, 79, 80, 81, 83, 84, 85, 86, 89, 90, 91, 94, 97, 98, 99, 100, 102, 103, 104, 105, 107], "summary": {"covered_lines": 54, "num_statements": 54, "percent_covered": 100.0, "percent_covered_display": "100", "missing_lines": 0, "excluded_lines": 0, "percent_statements_covered": 100.0, "percent_statements_covered_display": "100"}, "missing_lines": [], "excluded_lines": [], "start_line": 33}, "": {"executed_lines": [2, 3, 5, 6, 8, 10, 13, 14, 15, 16, 18, 19, 20, 27, 28, 32, 33], "summary": {"covered_lines": 17, "num_statements": 17, "percent_covered": 100.0, "percent_covered_display": "100", "missing_lines": 0, "excluded_lines": 0, "percent_statements_covered": 100.0, "percent_statements_covered_display": "100"}, "missing_lines": [], "excluded_lines": [], "start_line": 1}}, "classes": {"BacktestParams": {"executed_lines": [21, 22, 23, 24], "summary": {"covered_lines": 4, "num_statements": 4, "percent_covered": 100.0, "percent_covered_display": "100", "missing_lines": 0, "excluded_lines": 0, "percent_statements_covered": 100.0, "percent_statements_covered_display": "100"}, "missing_lines": [], "excluded_lines": [], "start_line": 13}, "": {"executed_lines": [2, 3, 5, 6, 8, 10, 13, 14, 15, 16, 18, 19, 20, 27, 28, 29, 32, 33, 34, 36, 37, 38, 39, 40, 41, 43, 46, 47, 48, 50, 51, 52, 54, 55, 58, 59, 60, 61, 62, 63, 64, 65, 67, 68, 69, 70, 72, 74, 75, 76, 77, 78, 79, 80, 81, 83, 84, 85, 86, 89, 90, 91, 94, 97, 98, 99, 100, 102, 103, 104, 105, 107], "summary": {"covered_lines": 72, "num_statements": 72, "percent_covered": 100.0, "percent_covered_display": "100", "missing_lines": 0, "excluded_lines": 0, "percent_statements_covered": 100.0, "percent_statements_covered_display": "100"}, "missing_lines": [], "excluded_lines": [], "start_line": 1}}}, "backend\\api\\routers\\config.py": {"executed_lines": [2, 4, 5, 11, 14, 15, 16, 19, 20, 21, 22, 23, 24, 25, 26, 29, 30, 34, 37, 38, 41], "summary": {"covered_lines": 21, "num_statements": 21, "percent_covered": 100.0, "percent_covered_display": "100", "missing_lines": 0, "excluded_lines": 0, "percent_statements_covered": 100.0, "percent_statements_covered_display": "100"}, "missing_lines": [], "excluded_lines": [], "functions": {"get_telegram": {"executed_lines": [16], "summary": {"covered_lines": 1, "num_statements": 1, "percent_covered": 100.0, "percent_covered_display": "100", "missing_lines": 0, "excluded_lines": 0, "percent_statements_covered": 100.0, "percent_statements_covered_display": "100"}, "missing_lines": [], "excluded_lines": [], "start_line": 15}, "set_telegram": {"executed_lines": [21, 22, 23, 24, 25, 26], "summary": {"covered_lines": 6, "num_statements": 6, "percent_covered": 100.0, "percent_covered_display": "100", "missing_lines": 0, "excluded_lines": 0, "percent_statements_covered": 100.0, "percent_statements_covered_display": "100"}, "missing_lines": [], "excluded_lines": [], "start_line": 20}, "test_telegram": {"executed_lines": [34], "summary": {"covered_lines": 1, "num_statements": 1, "percent_covered": 100.0, "percent_covered_display": "100", "missing_lines": 0, "excluded_lines": 0, "percent_statements_covered": 100.0, "percent_statements_covered_display": "100"}, "missing_lines": [], "excluded_lines": [], "start_line": 30}, "test_telegram_card": {"executed_lines": [41], "summary": {"covered_lines": 1, "num_statements": 1, "percent_covered": 100.0, "percent_covered_display": "100", "missing_lines": 0, "excluded_lines": 0, "percent_statements_covered": 100.0, "percent_statements_covered_display": "100"}, "missing_lines": [], "excluded_lines": [], "start_line": 38}, "": {"executed_lines": [2, 4, 5, 11, 14, 15, 19, 20, 29, 30, 37, 38], "summary": {"covered_lines": 12, "num_statements": 12, "percent_covered": 100.0, "percent_covered_display": "100", "missing_lines": 0, "excluded_lines": 0, "percent_statements_covered": 100.0, "percent_statements_covered_display": "100"}, "missing_lines": [], "excluded_lines": [], "start_line": 1}}, "classes": {"": {"executed_lines": [2, 4, 5, 11, 14, 15, 16, 19, 20, 21, 22, 23, 24, 25, 26, 29, 30, 34, 37, 38, 41], "summary": {"covered_lines": 21, "num_statements": 21, "percent_covered": 100.0, "percent_covered_display": "100", "missing_lines": 0, "excluded_lines": 0, "percent_statements_covered": 100.0, "percent_statements_covered_display": "100"}, "missing_lines": [], "excluded_lines": [], "start_line": 1}}}, "backend\\api\\routers\\health.py": {"executed_lines": [1, 3, 4, 5, 7, 10, 11, 12, 13, 14, 15, 20], "summary": {"covered_lines": 12, "num_statements": 13, "percent_covered": 92.3076923076923, "percent_covered_display": "92", "missing_lines": 1, "excluded_lines": 0, "percent_statements_covered": 92.3076923076923, "percent_statements_covered_display": "92"}, "missing_lines": [16], "excluded_lines": [], "functions": {"health": {"executed_lines": [12, 13, 14, 15, 20], "summary": {"covered_lines": 5, "num_statements": 6, "percent_covered": 83.33333333333333, "percent_covered_display": "83", "missing_lines": 1, "excluded_lines": 0, "percent_statements_covered": 83.33333333333333, "percent_statements_covered_display": "83"}, "missing_lines": [16], "excluded_lines": [], "start_line": 11}, "": {"executed_lines": [1, 3, 4, 5, 7, 10, 11], "summary": {"covered_lines": 7, "num_statements": 7, "percent_covered": 100.0, "percent_covered_display": "100", "missing_lines": 0, "excluded_lines": 0, "percent_statements_covered": 100.0, "percent_statements_covered_display": "100"}, "missing_lines": [], "excluded_lines": [], "start_line": 1}}, "classes": {"": {"executed_lines": [1, 3, 4, 5, 7, 10, 11, 12, 13, 14, 15, 20], "summary": {"covered_lines": 12, "num_statements": 13, "percent_covered": 92.3076923076923, "percent_covered_display": "92", "missing_lines": 1, "excluded_lines": 0, "percent_statements_covered": 92.3076923076923, "percent_statements_covered_display": "92"}, "missing_lines": [16], "excluded_lines": [], "start_line": 1}}}, "backend\\api\\routers\\market.py": {"executed_lines": [2, 3, 5, 6, 7, 9, 10, 11, 17, 21, 22, 27, 28, 31, 32, 33, 35, 36, 42, 44, 45, 48, 49, 50, 53, 54, 56, 57, 58, 59, 60, 61, 63, 64, 65, 66, 67, 68, 69, 70, 71, 73, 74, 75, 76, 79, 80, 89, 91, 93, 95, 96, 97, 98, 99, 100, 102, 103, 104, 105, 108, 109, 112, 113, 118, 120, 121, 122, 123, 124, 125, 126, 133, 136, 138, 140, 142, 143, 144, 146, 149, 150, 152, 153, 154, 155, 156, 157, 158, 161, 162, 163, 164, 165, 166, 168, 169, 170, 171, 172, 173, 174, 178, 179, 180, 181, 183, 186, 187, 193, 196, 198, 199, 201, 202, 207, 210, 213, 214, 217, 218, 219, 220, 221, 222, 223, 226, 227, 228, 231, 232, 233, 236, 237, 238, 239, 240, 241, 245, 246, 247, 248, 249, 250, 253, 254, 257, 258, 259, 260, 262, 263, 264, 265, 268, 269, 270, 271, 272, 273, 274, 275, 276, 277, 282, 283, 284, 285, 286, 287, 288, 289, 290, 291, 296, 297, 298, 299, 300, 301, 302, 303, 304, 305, 311, 312, 313, 314, 315, 316, 317, 318, 321, 322, 323, 324, 325, 326, 327, 328, 329, 330, 336, 337, 338, 340, 364, 365, 368, 370, 372, 373, 374, 375, 376, 378, 379, 380, 382, 383, 384, 385, 386, 389, 390, 391, 392, 393, 394, 395, 397, 398, 401, 402, 403, 404, 405, 407, 408, 411, 412, 413, 414, 415, 416, 417, 418, 421, 422, 423, 424, 425, 426, 427, 428, 429, 430, 431, 432, 433, 434, 436, 441, 473, 486, 487, 488, 489, 490, 491, 492, 493, 494, 495, 496, 497, 498, 499, 500, 501, 502, 507, 508, 509, 510, 514], "summary": {"covered_lines": 286, "num_statements": 299, "percent_covered": 95.65217391304348, "percent_covered_display": "96", "missing_lines": 13, "excluded_lines": 0, "percent_statements_covered": 95.65217391304348, "percent_statements_covered_display": "96"}, "missing_lines": [51, 55, 242, 278, 279, 292, 293, 306, 307, 308, 309, 515, 516], "excluded_lines": [], "functions": {"get_market": {"executed_lines": [33, 35, 36, 42, 44, 45, 48, 63, 64, 65, 66, 67, 68, 69, 70, 71, 73, 74, 75, 76], "summary": {"covered_lines": 20, "num_statements": 20, "percent_covered": 100.0, "percent_covered_display": "100", "missing_lines": 0, "excluded_lines": 0, "percent_statements_covered": 100.0, "percent_statements_covered_display": "100"}, "missing_lines": [], "excluded_lines": [], "start_line": 32}, "get_market.get_quote": {"executed_lines": [49, 50, 53, 54, 56, 57, 58, 59, 60, 61], "summary": {"covered_lines": 10, "num_statements": 12, "percent_covered": 83.33333333333333, "percent_covered_display": "83", "missing_lines": 2, "excluded_lines": 0, "percent_statements_covered": 83.33333333333333, "percent_statements_covered_display": "83"}, "missing_lines": [51, 55], "excluded_lines": [], "start_line": 48}, "get_market_options": {"executed_lines": [89, 91, 93, 95, 102, 103, 104, 105, 108, 109], "summary": {"covered_lines": 10, "num_statements": 10, "percent_covered": 100.0, "percent_covered_display": "100", "missing_lines": 0, "excluded_lines": 0, "percent_statements_covered": 100.0, "percent_statements_covered_display": "100"}, "missing_lines": [], "excluded_lines": [], "start_line": 80}, "get_market_options.fetch_opts": {"executed_lines": [96, 97, 98, 99, 100], "summary": {"covered_lines": 5, "num_statements": 5, "percent_covered": 100.0, "percent_covered_display": "100", "missing_lines": 0, "excluded_lines": 0, "percent_statements_covered": 100.0, "percent_statements_covered_display": "100"}, "missing_lines": [], "excluded_lines": [], "start_line": 95}, "get_options_chain": {"executed_lines": [118, 120, 121, 122, 123, 124, 125, 126, 133], "summary": {"covered_lines": 9, "num_statements": 9, "percent_covered": 100.0, "percent_covered_display": "100", "missing_lines": 0, "excluded_lines": 0, "percent_statements_covered": 100.0, "percent_statements_covered_display": "100"}, "missing_lines": [], "excluded_lines": [], "start_line": 113}, "_fetch_historical_with_fallback": {"executed_lines": [138, 140, 142, 143, 144, 146, 149, 150, 152, 153, 154, 155, 156, 157, 158, 161, 162, 163, 164, 165, 166, 168, 169, 170, 171, 172, 173, 174, 178, 179, 180, 181, 183], "summary": {"covered_lines": 33, "num_statements": 33, "percent_covered": 100.0, "percent_covered_display": "100", "missing_lines": 0, "excluded_lines": 0, "percent_statements_covered": 100.0, "percent_statements_covered_display": "100"}, "missing_lines": [], "excluded_lines": [], "start_line": 136}, "get_market_analysis": {"executed_lines": [193, 196, 198, 199, 201, 202, 207, 210, 213, 214, 217, 218, 219, 220, 221, 222, 223, 226, 227, 228, 231, 232, 233, 236, 237, 238, 239, 240, 241, 245, 246, 247, 248, 249, 250, 253, 254, 257, 258, 259, 260, 262, 263, 264, 265, 268, 269, 270, 271, 272, 273, 274, 275, 276, 277, 282, 283, 284, 285, 286, 287, 288, 289, 290, 291, 296, 297, 298, 299, 300, 301, 302, 303, 304, 305, 311, 312, 313, 314, 315, 316, 317, 318, 321, 322, 323, 324, 325, 326, 327, 328, 329, 330, 336, 337, 338, 340], "summary": {"covered_lines": 97, "num_statements": 106, "percent_covered": 91.50943396226415, "percent_covered_display": "92", "missing_lines": 9, "excluded_lines": 0, "percent_statements_covered": 91.50943396226415, "percent_statements_covered_display": "92"}, "missing_lines": [242, 278, 279, 292, 293, 306, 307, 308, 309], "excluded_lines": [], "start_line": 187}, "get_market_indicators": {"executed_lines": [368, 370, 372, 373, 374, 375, 376, 378, 379, 380, 382, 389, 390, 391, 392, 393, 394, 395, 397, 398, 401, 402, 403, 404, 405, 407, 408, 411, 412, 413, 414, 415, 416, 417, 418, 421, 422, 423, 424, 425, 426, 427, 428, 429, 430, 431, 432, 433, 434, 436, 441], "summary": {"covered_lines": 51, "num_statements": 51, "percent_covered": 100.0, "percent_covered_display": "100", "missing_lines": 0, "excluded_lines": 0, "percent_statements_covered": 100.0, "percent_statements_covered_display": "100"}, "missing_lines": [], "excluded_lines": [], "start_line": 365}, "get_market_indicators._last": {"executed_lines": [383, 384, 385, 386], "summary": {"covered_lines": 4, "num_statements": 4, "percent_covered": 100.0, "percent_covered_display": "100", "missing_lines": 0, "excluded_lines": 0, "percent_statements_covered": 100.0, "percent_statements_covered_display": "100"}, "missing_lines": [], "excluded_lines": [], "start_line": 382}, "_atm_iv_from_chain": {"executed_lines": [486, 487, 488, 489, 490, 491, 492, 493, 494, 495, 496, 497, 498, 499, 500, 501, 502, 507, 508, 509, 510, 514], "summary": {"covered_lines": 22, "num_statements": 24, "percent_covered": 91.66666666666667, "percent_covered_display": "92", "missing_lines": 2, "excluded_lines": 0, "percent_statements_covered": 91.66666666666667, "percent_statements_covered_display": "92"}, "missing_lines": [515, 516], "excluded_lines": [], "start_line": 473}, "": {"executed_lines": [2, 3, 5, 6, 7, 9, 10, 11, 17, 21, 22, 27, 28, 31, 32, 79, 80, 112, 113, 136, 186, 187, 364, 365, 473], "summary": {"covered_lines": 25, "num_statements": 25, "percent_covered": 100.0, "percent_covered_display": "100", "missing_lines": 0, "excluded_lines": 0, "percent_statements_covered": 100.0, "percent_statements_covered_display": "100"}, "missing_lines": [], "excluded_lines": [], "start_line": 1}}, "classes": {"": {"executed_lines": [2, 3, 5, 6, 7, 9, 10, 11, 17, 21, 22, 27, 28, 31, 32, 33, 35, 36, 42, 44, 45, 48, 49, 50, 53, 54, 56, 57, 58, 59, 60, 61, 63, 64, 65, 66, 67, 68, 69, 70, 71, 73, 74, 75, 76, 79, 80, 89, 91, 93, 95, 96, 97, 98, 99, 100, 102, 103, 104, 105, 108, 109, 112, 113, 118, 120, 121, 122, 123, 124, 125, 126, 133, 136, 138, 140, 142, 143, 144, 146, 149, 150, 152, 153, 154, 155, 156, 157, 158, 161, 162, 163, 164, 165, 166, 168, 169, 170, 171, 172, 173, 174, 178, 179, 180, 181, 183, 186, 187, 193, 196, 198, 199, 201, 202, 207, 210, 213, 214, 217, 218, 219, 220, 221, 222, 223, 226, 227, 228, 231, 232, 233, 236, 237, 238, 239, 240, 241, 245, 246, 247, 248, 249, 250, 253, 254, 257, 258, 259, 260, 262, 263, 264, 265, 268, 269, 270, 271, 272, 273, 274, 275, 276, 277, 282, 283, 284, 285, 286, 287, 288, 289, 290, 291, 296, 297, 298, 299, 300, 301, 302, 303, 304, 305, 311, 312, 313, 314, 315, 316, 317, 318, 321, 322, 323, 324, 325, 326, 327, 328, 329, 330, 336, 337, 338, 340, 364, 365, 368, 370, 372, 373, 374, 375, 376, 378, 379, 380, 382, 383, 384, 385, 386, 389, 390, 391, 392, 393, 394, 395, 397, 398, 401, 402, 403, 404, 405, 407, 408, 411, 412, 413, 414, 415, 416, 417, 418, 421, 422, 423, 424, 425, 426, 427, 428, 429, 430, 431, 432, 433, 434, 436, 441, 473, 486, 487, 488, 489, 490, 491, 492, 493, 494, 495, 496, 497, 498, 499, 500, 501, 502, 507, 508, 509, 510, 514], "summary": {"covered_lines": 286, "num_statements": 299, "percent_covered": 95.65217391304348, "percent_covered_display": "96", "missing_lines": 13, "excluded_lines": 0, "percent_statements_covered": 95.65217391304348, "percent_statements_covered_display": "96"}, "missing_lines": [51, 55, 242, 278, 279, 292, 293, 306, 307, 308, 309, 515, 516], "excluded_lines": [], "start_line": 1}}}, "backend\\api\\routers\\scan.py": {"executed_lines": [7, 8, 9, 11, 12, 14, 15, 16, 17, 19, 20, 22, 25, 26, 28, 29, 32, 33, 35, 40, 41, 42, 43, 44, 46, 47, 51, 52, 53, 56, 62, 64, 65, 67, 68, 69, 70, 77, 78, 79, 81, 83, 85, 86, 87, 88, 89, 91, 93, 96, 97, 99, 101, 102, 103, 104, 106, 107, 109, 111, 114, 115, 116, 117, 118, 121, 122, 125, 126, 127, 131, 132, 133, 134, 135, 136, 139, 140, 141], "summary": {"covered_lines": 79, "num_statements": 83, "percent_covered": 95.18072289156626, "percent_covered_display": "95", "missing_lines": 4, "excluded_lines": 0, "percent_statements_covered": 95.18072289156626, "percent_statements_covered_display": "95"}, "missing_lines": [59, 60, 61, 105], "excluded_lines": [], "functions": {"scan_batch": {"executed_lines": [28, 29], "summary": {"covered_lines": 2, "num_statements": 2, "percent_covered": 100.0, "percent_covered_display": "100", "missing_lines": 0, "excluded_lines": 0, "percent_statements_covered": 100.0, "percent_statements_covered_display": "100"}, "missing_lines": [], "excluded_lines": [], "start_line": 26}, "scan_stream": {"executed_lines": [35, 40, 93], "summary": {"covered_lines": 3, "num_statements": 3, "percent_covered": 100.0, "percent_covered_display": "100", "missing_lines": 0, "excluded_lines": 0, "percent_statements_covered": 100.0, "percent_statements_covered_display": "100"}, "missing_lines": [], "excluded_lines": [], "start_line": 33}, "scan_stream.event_generator": {"executed_lines": [41, 42, 43, 44, 46, 64, 65, 67, 68, 69, 70, 77, 78, 79, 81, 83, 85, 86, 87, 88, 89, 91], "summary": {"covered_lines": 22, "num_statements": 22, "percent_covered": 100.0, "percent_covered_display": "100", "missing_lines": 0, "excluded_lines": 0, "percent_statements_covered": 100.0, "percent_statements_covered_display": "100"}, "missing_lines": [], "excluded_lines": [], "start_line": 40}, "scan_stream.event_generator.scan_one_async": {"executed_lines": [47, 51, 52, 53, 56, 62], "summary": {"covered_lines": 6, "num_statements": 9, "percent_covered": 66.66666666666667, "percent_covered_display": "67", "missing_lines": 3, "excluded_lines": 0, "percent_statements_covered": 66.66666666666667, "percent_statements_covered_display": "67"}, "missing_lines": [59, 60, 61], "excluded_lines": [], "start_line": 46}, "alerts_stream": {"executed_lines": [99, 101, 111], "summary": {"covered_lines": 3, "num_statements": 3, "percent_covered": 100.0, "percent_covered_display": "100", "missing_lines": 0, "excluded_lines": 0, "percent_statements_covered": 100.0, "percent_statements_covered_display": "100"}, "missing_lines": [], "excluded_lines": [], "start_line": 97}, "alerts_stream.event_generator": {"executed_lines": [102, 103, 104, 106, 107, 109], "summary": {"covered_lines": 6, "num_statements": 7, "percent_covered": 85.71428571428571, "percent_covered_display": "86", "missing_lines": 1, "excluded_lines": 0, "percent_statements_covered": 85.71428571428571, "percent_statements_covered_display": "86"}, "missing_lines": [105], "excluded_lines": [], "start_line": 101}, "scan_all": {"executed_lines": [116, 117, 118], "summary": {"covered_lines": 3, "num_statements": 3, "percent_covered": 100.0, "percent_covered_display": "100", "missing_lines": 0, "excluded_lines": 0, "percent_statements_covered": 100.0, "percent_statements_covered_display": "100"}, "missing_lines": [], "excluded_lines": [], "start_line": 115}, "scan_all_b3": {"executed_lines": [125, 126, 127], "summary": {"covered_lines": 3, "num_statements": 3, "percent_covered": 100.0, "percent_covered_display": "100", "missing_lines": 0, "excluded_lines": 0, "percent_statements_covered": 100.0, "percent_statements_covered_display": "100"}, "missing_lines": [], "excluded_lines": [], "start_line": 122}, "scan_ticker": {"executed_lines": [133, 134, 135, 136], "summary": {"covered_lines": 4, "num_statements": 4, "percent_covered": 100.0, "percent_covered_display": "100", "missing_lines": 0, "excluded_lines": 0, "percent_statements_covered": 100.0, "percent_statements_covered_display": "100"}, "missing_lines": [], "excluded_lines": [], "start_line": 132}, "scan_ticker_get": {"executed_lines": [141], "summary": {"covered_lines": 1, "num_statements": 1, "percent_covered": 100.0, "percent_covered_display": "100", "missing_lines": 0, "excluded_lines": 0, "percent_statements_covered": 100.0, "percent_statements_covered_display": "100"}, "missing_lines": [], "excluded_lines": [], "start_line": 140}, "": {"executed_lines": [7, 8, 9, 11, 12, 14, 15, 16, 17, 19, 20, 22, 25, 26, 32, 33, 96, 97, 114, 115, 121, 122, 131, 132, 139, 140], "summary": {"covered_lines": 26, "num_statements": 26, "percent_covered": 100.0, "percent_covered_display": "100", "missing_lines": 0, "excluded_lines": 0, "percent_statements_covered": 100.0, "percent_statements_covered_display": "100"}, "missing_lines": [], "excluded_lines": [], "start_line": 1}}, "classes": {"": {"executed_lines": [7, 8, 9, 11, 12, 14, 15, 16, 17, 19, 20, 22, 25, 26, 28, 29, 32, 33, 35, 40, 41, 42, 43, 44, 46, 47, 51, 52, 53, 56, 62, 64, 65, 67, 68, 69, 70, 77, 78, 79, 81, 83, 85, 86, 87, 88, 89, 91, 93, 96, 97, 99, 101, 102, 103, 104, 106, 107, 109, 111, 114, 115, 116, 117, 118, 121, 122, 125, 126, 127, 131, 132, 133, 134, 135, 136, 139, 140, 141], "summary": {"covered_lines": 79, "num_statements": 83, "percent_covered": 95.18072289156626, "percent_covered_display": "95", "missing_lines": 4, "excluded_lines": 0, "percent_statements_covered": 95.18072289156626, "percent_statements_covered_display": "95"}, "missing_lines": [59, 60, 61, 105], "excluded_lines": [], "start_line": 1}}}, "backend\\api\\routers\\signals.py": {"executed_lines": [3, 4, 6, 8, 9, 10, 11, 13, 14, 17, 18, 25, 26, 27, 28, 29, 30, 31, 32, 34, 35, 36, 37, 38, 39, 40, 43, 44, 50, 51, 52, 53, 54, 55, 56, 57, 58, 59, 60, 61, 62, 63, 66, 67, 68, 69, 74, 75, 76, 77, 78, 79, 80, 81, 82, 83, 84, 85, 92, 93, 96, 97, 102, 103, 104, 105, 106, 107, 108, 109, 110, 112, 113, 114, 116, 117, 118, 119, 122, 123, 124, 125, 126, 127, 128, 129, 130, 131, 132, 133, 134, 136, 137, 138, 148, 150, 151, 166, 167, 172, 173, 176, 177, 178], "summary": {"covered_lines": 104, "num_statements": 104, "percent_covered": 100.0, "percent_covered_display": "100", "missing_lines": 0, "excluded_lines": 0, "percent_statements_covered": 100.0, "percent_statements_covered_display": "100"}, "missing_lines": [], "excluded_lines": [], "functions": {"get_signals": {"executed_lines": [25, 26, 27, 28, 29, 30, 31, 32, 34, 35, 36, 37, 38, 39, 40], "summary": {"covered_lines": 15, "num_statements": 15, "percent_covered": 100.0, "percent_covered_display": "100", "missing_lines": 0, "excluded_lines": 0, "percent_statements_covered": 100.0, "percent_statements_covered_display": "100"}, "missing_lines": [], "excluded_lines": [], "start_line": 18}, "get_history": {"executed_lines": [50, 51, 52, 53, 54, 55, 56, 57, 58, 59, 60, 61, 62, 63], "summary": {"covered_lines": 14, "num_statements": 14, "percent_covered": 100.0, "percent_covered_display": "100", "missing_lines": 0, "excluded_lines": 0, "percent_statements_covered": 100.0, "percent_statements_covered_display": "100"}, "missing_lines": [], "excluded_lines": [], "start_line": 44}, "get_watchlist": {"executed_lines": [68, 69], "summary": {"covered_lines": 2, "num_statements": 2, "percent_covered": 100.0, "percent_covered_display": "100", "missing_lines": 0, "excluded_lines": 0, "percent_statements_covered": 100.0, "percent_statements_covered_display": "100"}, "missing_lines": [], "excluded_lines": [], "start_line": 67}, "analytics": {"executed_lines": [76, 77, 78, 79, 80, 81, 82, 83, 84, 85, 92, 93], "summary": {"covered_lines": 12, "num_statements": 12, "percent_covered": 100.0, "percent_covered_display": "100", "missing_lines": 0, "excluded_lines": 0, "percent_statements_covered": 100.0, "percent_statements_covered_display": "100"}, "missing_lines": [], "excluded_lines": [], "start_line": 75}, "signals_performance": {"executed_lines": [102, 103, 104, 105, 106, 107, 108, 109, 110, 112, 113, 114, 116, 117, 118, 119, 122, 123, 124, 125, 126, 127, 128, 129, 130, 131, 132, 133, 134, 136, 137, 138, 148, 150, 151], "summary": {"covered_lines": 35, "num_statements": 35, "percent_covered": 100.0, "percent_covered_display": "100", "missing_lines": 0, "excluded_lines": 0, "percent_statements_covered": 100.0, "percent_statements_covered_display": "100"}, "missing_lines": [], "excluded_lines": [], "start_line": 97}, "signals_outcomes": {"executed_lines": [172, 173], "summary": {"covered_lines": 2, "num_statements": 2, "percent_covered": 100.0, "percent_covered_display": "100", "missing_lines": 0, "excluded_lines": 0, "percent_statements_covered": 100.0, "percent_statements_covered_display": "100"}, "missing_lines": [], "excluded_lines": [], "start_line": 167}, "get_strategies": {"executed_lines": [178], "summary": {"covered_lines": 1, "num_statements": 1, "percent_covered": 100.0, "percent_covered_display": "100", "missing_lines": 0, "excluded_lines": 0, "percent_statements_covered": 100.0, "percent_statements_covered_display": "100"}, "missing_lines": [], "excluded_lines": [], "start_line": 177}, "": {"executed_lines": [3, 4, 6, 8, 9, 10, 11, 13, 14, 17, 18, 43, 44, 66, 67, 74, 75, 96, 97, 166, 167, 176, 177], "summary": {"covered_lines": 23, "num_statements": 23, "percent_covered": 100.0, "percent_covered_display": "100", "missing_lines": 0, "excluded_lines": 0, "percent_statements_covered": 100.0, "percent_statements_covered_display": "100"}, "missing_lines": [], "excluded_lines": [], "start_line": 1}}, "classes": {"": {"executed_lines": [3, 4, 6, 8, 9, 10, 11, 13, 14, 17, 18, 25, 26, 27, 28, 29, 30, 31, 32, 34, 35, 36, 37, 38, 39, 40, 43, 44, 50, 51, 52, 53, 54, 55, 56, 57, 58, 59, 60, 61, 62, 63, 66, 67, 68, 69, 74, 75, 76, 77, 78, 79, 80, 81, 82, 83, 84, 85, 92, 93, 96, 97, 102, 103, 104, 105, 106, 107, 108, 109, 110, 112, 113, 114, 116, 117, 118, 119, 122, 123, 124, 125, 126, 127, 128, 129, 130, 131, 132, 133, 134, 136, 137, 138, 148, 150, 151, 166, 167, 172, 173, 176, 177, 178], "summary": {"covered_lines": 104, "num_statements": 104, "percent_covered": 100.0, "percent_covered_display": "100", "missing_lines": 0, "excluded_lines": 0, "percent_statements_covered": 100.0, "percent_statements_covered_display": "100"}, "missing_lines": [], "excluded_lines": [], "start_line": 1}}}, "backend\\core\\cache.py": {"executed_lines": [11, 12, 13, 14, 16, 18, 19, 20, 24, 25, 28, 29, 30, 31, 32, 33, 34, 35, 36, 39, 40, 41, 42, 43, 44, 47, 49, 50, 51, 52, 53, 54, 55, 56, 57, 58, 59, 60, 61, 62, 63, 64, 67, 68, 69, 70, 71, 72, 73, 74, 75, 78, 79, 80, 81, 82, 83, 84, 85, 86, 89, 91, 92, 93, 94, 95, 96, 98, 99, 100, 101, 102, 105, 107, 108, 109, 110, 111, 112, 113, 114, 117, 128, 129, 130, 131, 132, 133, 134, 135, 136, 137, 139], "summary": {"covered_lines": 93, "num_statements": 93, "percent_covered": 100.0, "percent_covered_display": "100", "missing_lines": 0, "excluded_lines": 0, "percent_statements_covered": 100.0, "percent_statements_covered_display": "100"}, "missing_lines": [], "excluded_lines": [], "functions": {"_mem_get": {"executed_lines": [29, 30, 31, 32, 33, 34, 35, 36], "summary": {"covered_lines": 8, "num_statements": 8, "percent_covered": 100.0, "percent_covered_display": "100", "missing_lines": 0, "excluded_lines": 0, "percent_statements_covered": 100.0, "percent_statements_covered_display": "100"}, "missing_lines": [], "excluded_lines": [], "start_line": 28}, "_mem_set": {"executed_lines": [40, 41, 42, 43, 44], "summary": {"covered_lines": 5, "num_statements": 5, "percent_covered": 100.0, "percent_covered_display": "100", "missing_lines": 0, "excluded_lines": 0, "percent_statements_covered": 100.0, "percent_statements_covered_display": "100"}, "missing_lines": [], "excluded_lines": [], "start_line": 39}, "_get_redis": {"executed_lines": [49, 50, 51, 52, 53, 54, 55, 56, 57, 58, 59, 60, 61, 62, 63, 64], "summary": {"covered_lines": 16, "num_statements": 16, "percent_covered": 100.0, "percent_covered_display": "100", "missing_lines": 0, "excluded_lines": 0, "percent_statements_covered": 100.0, "percent_statements_covered_display": "100"}, "missing_lines": [], "excluded_lines": [], "start_line": 47}, "cache_get": {"executed_lines": [68, 69, 70, 71, 72, 73, 74, 75], "summary": {"covered_lines": 8, "num_statements": 8, "percent_covered": 100.0, "percent_covered_display": "100", "missing_lines": 0, "excluded_lines": 0, "percent_statements_covered": 100.0, "percent_statements_covered_display": "100"}, "missing_lines": [], "excluded_lines": [], "start_line": 67}, "cache_set": {"executed_lines": [79, 80, 81, 82, 83, 84, 85, 86], "summary": {"covered_lines": 8, "num_statements": 8, "percent_covered": 100.0, "percent_covered_display": "100", "missing_lines": 0, "excluded_lines": 0, "percent_statements_covered": 100.0, "percent_statements_covered_display": "100"}, "missing_lines": [], "excluded_lines": [], "start_line": 78}, "cache_get_df": {"executed_lines": [91, 92, 93, 94, 95, 96, 98, 99, 100, 101, 102], "summary": {"covered_lines": 11, "num_statements": 11, "percent_covered": 100.0, "percent_covered_display": "100", "missing_lines": 0, "excluded_lines": 0, "percent_statements_covered": 100.0, "percent_statements_covered_display": "100"}, "missing_lines": [], "excluded_lines": [], "start_line": 89}, "cache_set_df": {"executed_lines": [107, 108, 109, 110, 111, 112, 113, 114], "summary": {"covered_lines": 8, "num_statements": 8, "percent_covered": 100.0, "percent_covered_display": "100", "missing_lines": 0, "excluded_lines": 0, "percent_statements_covered": 100.0, "percent_statements_covered_display": "100"}, "missing_lines": [], "excluded_lines": [], "start_line": 105}, "redis_status": {"executed_lines": [128, 129, 130, 131, 132, 133, 134, 135, 136, 137, 139], "summary": {"covered_lines": 11, "num_statements": 11, "percent_covered": 100.0, "percent_covered_display": "100", "missing_lines": 0, "excluded_lines": 0, "percent_statements_covered": 100.0, "percent_statements_covered_display": "100"}, "missing_lines": [], "excluded_lines": [], "start_line": 117}, "": {"executed_lines": [11, 12, 13, 14, 16, 18, 19, 20, 24, 25, 28, 39, 47, 67, 78, 89, 105, 117], "summary": {"covered_lines": 18, "num_statements": 18, "percent_covered": 100.0, "percent_covered_display": "100", "missing_lines": 0, "excluded_lines": 0, "percent_statements_covered": 100.0, "percent_statements_covered_display": "100"}, "missing_lines": [], "excluded_lines": [], "start_line": 1}}, "classes": {"": {"executed_lines": [11, 12, 13, 14, 16, 18, 19, 20, 24, 25, 28, 29, 30, 31, 32, 33, 34, 35, 36, 39, 40, 41, 42, 43, 44, 47, 49, 50, 51, 52, 53, 54, 55, 56, 57, 58, 59, 60, 61, 62, 63, 64, 67, 68, 69, 70, 71, 72, 73, 74, 75, 78, 79, 80, 81, 82, 83, 84, 85, 86, 89, 91, 92, 93, 94, 95, 96, 98, 99, 100, 101, 102, 105, 107, 108, 109, 110, 111, 112, 113, 114, 117, 128, 129, 130, 131, 132, 133, 134, 135, 136, 137, 139], "summary": {"covered_lines": 93, "num_statements": 93, "percent_covered": 100.0, "percent_covered_display": "100", "missing_lines": 0, "excluded_lines": 0, "percent_statements_covered": 100.0, "percent_statements_covered_display": "100"}, "missing_lines": [], "excluded_lines": [], "start_line": 1}}}, "backend\\core\\config.py": {"executed_lines": [1, 2, 3, 5, 7, 9, 10, 16, 71, 88, 94, 100, 101, 102, 103, 104, 105, 106, 107, 108, 109, 114, 117, 118, 119, 121, 122, 123, 124, 125, 128, 130, 131, 132, 136, 141, 142, 143, 144, 145, 147, 148, 149, 151, 152, 153, 155, 157, 158, 159, 161, 163, 164, 165, 166, 167, 168, 169, 170, 171, 172, 173, 174, 176], "summary": {"covered_lines": 64, "num_statements": 70, "percent_covered": 91.42857142857143, "percent_covered_display": "91", "missing_lines": 6, "excluded_lines": 0, "percent_statements_covered": 91.42857142857143, "percent_statements_covered_display": "91"}, "missing_lines": [110, 177, 178, 179, 180, 181], "excluded_lines": [], "functions": {"validar_config": {"executed_lines": [100, 101, 102, 103, 104, 105, 106, 107, 108, 109], "summary": {"covered_lines": 10, "num_statements": 11, "percent_covered": 90.9090909090909, "percent_covered_display": "91", "missing_lines": 1, "excluded_lines": 0, "percent_statements_covered": 90.9090909090909, "percent_statements_covered_display": "91"}, "missing_lines": [110], "excluded_lines": [], "start_line": 94}, "get_ticker_lock": {"executed_lines": [122, 123, 124, 125], "summary": {"covered_lines": 4, "num_statements": 4, "percent_covered": 100.0, "percent_covered_display": "100", "missing_lines": 0, "excluded_lines": 0, "percent_statements_covered": 100.0, "percent_statements_covered_display": "100"}, "missing_lines": [], "excluded_lines": [], "start_line": 121}, "registrar_sinal": {"executed_lines": [131, 132], "summary": {"covered_lines": 2, "num_statements": 2, "percent_covered": 100.0, "percent_covered_display": "100", "missing_lines": 0, "excluded_lines": 0, "percent_statements_covered": 100.0, "percent_statements_covered_display": "100"}, "missing_lines": [], "excluded_lines": [], "start_line": 130}, "is_reentrada_valida": {"executed_lines": [141, 142, 143, 144, 145, 147, 148, 149, 151, 152, 153, 155, 157, 158, 159, 161], "summary": {"covered_lines": 16, "num_statements": 16, "percent_covered": 100.0, "percent_covered_display": "100", "missing_lines": 0, "excluded_lines": 0, "percent_statements_covered": 100.0, "percent_statements_covered_display": "100"}, "missing_lines": [], "excluded_lines": [], "start_line": 136}, "score_horario": {"executed_lines": [164, 165, 166, 167, 168, 169, 170, 171, 172, 173, 174], "summary": {"covered_lines": 11, "num_statements": 11, "percent_covered": 100.0, "percent_covered_display": "100", "missing_lines": 0, "excluded_lines": 0, "percent_statements_covered": 100.0, "percent_statements_covered_display": "100"}, "missing_lines": [], "excluded_lines": [], "start_line": 163}, "dentro_horario_pregao": {"executed_lines": [], "summary": {"covered_lines": 0, "num_statements": 5, "percent_covered": 0.0, "percent_covered_display": "0", "missing_lines": 5, "excluded_lines": 0, "percent_statements_covered": 0.0, "percent_statements_covered_display": "0"}, "missing_lines": [177, 178, 179, 180, 181], "excluded_lines": [], "start_line": 176}, "": {"executed_lines": [1, 2, 3, 5, 7, 9, 10, 16, 71, 88, 94, 114, 117, 118, 119, 121, 128, 130, 136, 163, 176], "summary": {"covered_lines": 21, "num_statements": 21, "percent_covered": 100.0, "percent_covered_display": "100", "missing_lines": 0, "excluded_lines": 0, "percent_statements_covered": 100.0, "percent_statements_covered_display": "100"}, "missing_lines": [], "excluded_lines": [], "start_line": 1}}, "classes": {"": {"executed_lines": [1, 2, 3, 5, 7, 9, 10, 16, 71, 88, 94, 100, 101, 102, 103, 104, 105, 106, 107, 108, 109, 114, 117, 118, 119, 121, 122, 123, 124, 125, 128, 130, 131, 132, 136, 141, 142, 143, 144, 145, 147, 148, 149, 151, 152, 153, 155, 157, 158, 159, 161, 163, 164, 165, 166, 167, 168, 169, 170, 171, 172, 173, 174, 176], "summary": {"covered_lines": 64, "num_statements": 70, "percent_covered": 91.42857142857143, "percent_covered_display": "91", "missing_lines": 6, "excluded_lines": 0, "percent_statements_covered": 91.42857142857143, "percent_statements_covered_display": "91"}, "missing_lines": [110, 177, 178, 179, 180, 181], "excluded_lines": [], "start_line": 1}}}, "backend\\core\\logging_config.py": {"executed_lines": [6, 11, 14, 20, 21, 22, 23], "summary": {"covered_lines": 7, "num_statements": 7, "percent_covered": 100.0, "percent_covered_display": "100", "missing_lines": 0, "excluded_lines": 0, "percent_statements_covered": 100.0, "percent_statements_covered_display": "100"}, "missing_lines": [], "excluded_lines": [], "functions": {"configure_logging": {"executed_lines": [20, 21, 22, 23], "summary": {"covered_lines": 4, "num_statements": 4, "percent_covered": 100.0, "percent_covered_display": "100", "missing_lines": 0, "excluded_lines": 0, "percent_statements_covered": 100.0, "percent_statements_covered_display": "100"}, "missing_lines": [], "excluded_lines": [], "start_line": 14}, "": {"executed_lines": [6, 11, 14], "summary": {"covered_lines": 3, "num_statements": 3, "percent_covered": 100.0, "percent_covered_display": "100", "missing_lines": 0, "excluded_lines": 0, "percent_statements_covered": 100.0, "percent_statements_covered_display": "100"}, "missing_lines": [], "excluded_lines": [], "start_line": 1}}, "classes": {"": {"executed_lines": [6, 11, 14, 20, 21, 22, 23], "summary": {"covered_lines": 7, "num_statements": 7, "percent_covered": 100.0, "percent_covered_display": "100", "missing_lines": 0, "excluded_lines": 0, "percent_statements_covered": 100.0, "percent_statements_covered_display": "100"}, "missing_lines": [], "excluded_lines": [], "start_line": 1}}}, "backend\\core\\settings.py": {"executed_lines": [1, 2, 5, 7, 8, 9, 10, 11, 12, 13, 14, 15, 16, 17, 19, 20, 21, 22, 23, 24, 26, 27, 28, 29, 30, 31, 32, 34, 35, 36, 39, 40, 41, 42, 43, 45, 49, 50, 51, 52, 53, 54, 55, 56, 57, 58, 59, 60, 61, 65, 66, 67, 68, 69, 70, 71, 72, 73, 74, 75, 76, 79, 80, 81, 82, 83, 85, 86, 88, 89, 90, 92, 94, 95, 96, 98, 99, 103, 104, 106], "summary": {"covered_lines": 80, "num_statements": 80, "percent_covered": 100.0, "percent_covered_display": "100", "missing_lines": 0, "excluded_lines": 0, "percent_statements_covered": 100.0, "percent_statements_covered_display": "100"}, "missing_lines": [], "excluded_lines": [], "functions": {"": {"executed_lines": [1, 2, 5, 7, 8, 9, 10, 11, 12, 13, 14, 15, 16, 17, 19, 20, 21, 22, 23, 24, 26, 27, 28, 29, 30, 31, 32, 34, 35, 36, 39, 40, 41, 42, 43, 45, 49, 50, 51, 52, 53, 54, 55, 56, 57, 58, 59, 60, 61, 65, 66, 67, 68, 69, 70, 71, 72, 73, 74, 75, 76, 79, 80, 81, 82, 83, 85, 86, 88, 89, 90, 92, 94, 95, 96, 98, 99, 103, 104, 106], "summary": {"covered_lines": 80, "num_statements": 80, "percent_covered": 100.0, "percent_covered_display": "100", "missing_lines": 0, "excluded_lines": 0, "percent_statements_covered": 100.0, "percent_statements_covered_display": "100"}, "missing_lines": [], "excluded_lines": [], "start_line": 1}}, "classes": {"MotorSettings": {"executed_lines": [], "summary": {"covered_lines": 0, "num_statements": 0, "percent_covered": 100.0, "percent_covered_display": "100", "missing_lines": 0, "excluded_lines": 0, "percent_statements_covered": 100.0, "percent_statements_covered_display": "100"}, "missing_lines": [], "excluded_lines": [], "start_line": 5}, "": {"executed_lines": [1, 2, 5, 7, 8, 9, 10, 11, 12, 13, 14, 15, 16, 17, 19, 20, 21, 22, 23, 24, 26, 27, 28, 29, 30, 31, 32, 34, 35, 36, 39, 40, 41, 42, 43, 45, 49, 50, 51, 52, 53, 54, 55, 56, 57, 58, 59, 60, 61, 65, 66, 67, 68, 69, 70, 71, 72, 73, 74, 75, 76, 79, 80, 81, 82, 83, 85, 86, 88, 89, 90, 92, 94, 95, 96, 98, 99, 103, 104, 106], "summary": {"covered_lines": 80, "num_statements": 80, "percent_covered": 100.0, "percent_covered_display": "100", "missing_lines": 0, "excluded_lines": 0, "percent_statements_covered": 100.0, "percent_statements_covered_display": "100"}, "missing_lines": [], "excluded_lines": [], "start_line": 1}}}, "backend\\domain\\analytics.py": {"executed_lines": [2, 3, 5, 8, 31, 32, 33, 34, 36, 37, 40, 41, 43, 44, 45, 49, 50, 53, 54, 55, 56, 57, 58, 61, 63], "summary": {"covered_lines": 25, "num_statements": 25, "percent_covered": 100.0, "percent_covered_display": "100", "missing_lines": 0, "excluded_lines": 0, "percent_statements_covered": 100.0, "percent_statements_covered_display": "100"}, "missing_lines": [], "excluded_lines": [], "functions": {"compute_statistical_indicators": {"executed_lines": [31, 32, 33, 34, 36, 37, 40, 43, 44, 45, 49, 50, 53, 54, 55, 56, 57, 58, 61, 63], "summary": {"covered_lines": 20, "num_statements": 20, "percent_covered": 100.0, "percent_covered_display": "100", "missing_lines": 0, "excluded_lines": 0, "percent_statements_covered": 100.0, "percent_statements_covered_display": "100"}, "missing_lines": [], "excluded_lines": [], "start_line": 8}, "compute_statistical_indicators._sma": {"executed_lines": [41], "summary": {"covered_lines": 1, "num_statements": 1, "percent_covered": 100.0, "percent_covered_display": "100", "missing_lines": 0, "excluded_lines": 0, "percent_statements_covered": 100.0, "percent_statements_covered_display": "100"}, "missing_lines": [], "excluded_lines": [], "start_line": 40}, "": {"executed_lines": [2, 3, 5, 8], "summary": {"covered_lines": 4, "num_statements": 4, "percent_covered": 100.0, "percent_covered_display": "100", "missing_lines": 0, "excluded_lines": 0, "percent_statements_covered": 100.0, "percent_statements_covered_display": "100"}, "missing_lines": [], "excluded_lines": [], "start_line": 1}}, "classes": {"": {"executed_lines": [2, 3, 5, 8, 31, 32, 33, 34, 36, 37, 40, 41, 43, 44, 45, 49, 50, 53, 54, 55, 56, 57, 58, 61, 63], "summary": {"covered_lines": 25, "num_statements": 25, "percent_covered": 100.0, "percent_covered_display": "100", "missing_lines": 0, "excluded_lines": 0, "percent_statements_covered": 100.0, "percent_statements_covered_display": "100"}, "missing_lines": [], "excluded_lines": [], "start_line": 1}}}, "backend\\domain\\greeks.py": {"executed_lines": [11, 13, 15, 16, 19, 20, 21, 22, 23, 24, 27, 29, 30, 31, 32, 35, 37, 38, 39, 40, 43, 50, 51, 54, 55, 56, 58, 59, 61, 62, 63, 65, 66, 68, 69, 71, 72, 74, 84, 90, 91, 92, 93, 94, 95, 96, 97, 98, 100, 101, 102, 103, 104], "summary": {"covered_lines": 53, "num_statements": 54, "percent_covered": 98.14814814814815, "percent_covered_display": "98", "missing_lines": 1, "excluded_lines": 0, "percent_statements_covered": 98.14814814814815, "percent_statements_covered_display": "98"}, "missing_lines": [99], "excluded_lines": [], "functions": {"_d1_d2": {"executed_lines": [20, 21, 22, 23, 24], "summary": {"covered_lines": 5, "num_statements": 5, "percent_covered": 100.0, "percent_covered_display": "100", "missing_lines": 0, "excluded_lines": 0, "percent_statements_covered": 100.0, "percent_statements_covered_display": "100"}, "missing_lines": [], "excluded_lines": [], "start_line": 19}, "bs_call_price": {"executed_lines": [29, 30, 31, 32], "summary": {"covered_lines": 4, "num_statements": 4, "percent_covered": 100.0, "percent_covered_display": "100", "missing_lines": 0, "excluded_lines": 0, "percent_statements_covered": 100.0, "percent_statements_covered_display": "100"}, "missing_lines": [], "excluded_lines": [], "start_line": 27}, "bs_put_price": {"executed_lines": [37, 38, 39, 40], "summary": {"covered_lines": 4, "num_statements": 4, "percent_covered": 100.0, "percent_covered_display": "100", "missing_lines": 0, "excluded_lines": 0, "percent_statements_covered": 100.0, "percent_statements_covered_display": "100"}, "missing_lines": [], "excluded_lines": [], "start_line": 35}, "calculate_greeks": {"executed_lines": [50, 51, 54, 55, 56, 58, 59, 61, 62, 63, 65, 66, 68, 69, 71, 72, 74], "summary": {"covered_lines": 17, "num_statements": 17, "percent_covered": 100.0, "percent_covered_display": "100", "missing_lines": 0, "excluded_lines": 0, "percent_statements_covered": 100.0, "percent_statements_covered_display": "100"}, "missing_lines": [], "excluded_lines": [], "start_line": 43}, "implied_volatility": {"executed_lines": [90, 91, 92, 93, 94, 95, 96, 97, 98, 100, 101, 102, 103, 104], "summary": {"covered_lines": 14, "num_statements": 15, "percent_covered": 93.33333333333333, "percent_covered_display": "93", "missing_lines": 1, "excluded_lines": 0, "percent_statements_covered": 93.33333333333333, "percent_statements_covered_display": "93"}, "missing_lines": [99], "excluded_lines": [], "start_line": 84}, "": {"executed_lines": [11, 13, 15, 16, 19, 27, 35, 43, 84], "summary": {"covered_lines": 9, "num_statements": 9, "percent_covered": 100.0, "percent_covered_display": "100", "missing_lines": 0, "excluded_lines": 0, "percent_statements_covered": 100.0, "percent_statements_covered_display": "100"}, "missing_lines": [], "excluded_lines": [], "start_line": 1}}, "classes": {"": {"executed_lines": [11, 13, 15, 16, 19, 20, 21, 22, 23, 24, 27, 29, 30, 31, 32, 35, 37, 38, 39, 40, 43, 50, 51, 54, 55, 56, 58, 59, 61, 62, 63, 65, 66, 68, 69, 71, 72, 74, 84, 90, 91, 92, 93, 94, 95, 96, 97, 98, 100, 101, 102, 103, 104], "summary": {"covered_lines": 53, "num_statements": 54, "percent_covered": 98.14814814814815, "percent_covered_display": "98", "missing_lines": 1, "excluded_lines": 0, "percent_statements_covered": 98.14814814814815, "percent_statements_covered_display": "98"}, "missing_lines": [99], "excluded_lines": [], "start_line": 1}}}, "backend\\domain\\indicators.py": {"executed_lines": [1, 3, 4, 6, 9, 19, 20, 21, 22, 23, 24, 25, 28, 37, 38, 39, 40, 41, 42, 45, 46, 48, 49, 51, 52, 53, 55, 57, 98, 99, 100, 101, 102, 103, 104, 105, 106, 107, 108, 109, 110, 111, 112, 113, 114, 115, 116, 117, 120, 121, 122, 125, 126, 129, 130, 131, 134, 137, 138, 139, 142, 143, 144, 145, 146, 147, 148, 151, 160, 161, 165, 169, 170, 171, 172, 173, 177, 178, 181, 182, 183, 184, 186, 189, 190, 191, 192, 193, 194, 195, 196, 198, 199, 200, 201, 202, 204, 205, 206, 207, 208, 209, 211, 212, 215, 217, 218, 219, 220, 223, 224, 225, 226, 227, 229, 231, 232, 233, 234, 235, 236, 237, 240, 242, 243, 246, 248, 249, 250, 251, 254, 262, 263, 264, 265, 266, 267, 268, 269, 270, 271, 272, 273, 274, 276, 277, 278, 279, 281, 283, 284, 286, 287, 290, 293, 294, 297, 313, 314, 315, 316, 317, 318, 319, 320, 321, 322, 323, 324, 325, 326, 327, 331, 342, 343, 344, 345, 347, 348, 349, 351, 352, 353, 354, 356, 357, 358, 359, 361, 363, 373, 374, 376, 377, 379, 380, 381, 385, 386, 387, 388, 390, 391, 392, 393, 394, 395, 397, 398, 400, 402, 403, 404, 405, 406, 407, 408, 411, 416, 417, 419, 420, 421, 423, 424, 425, 426, 427, 429, 430, 431, 433, 434, 435, 436, 437, 440], "summary": {"covered_lines": 237, "num_statements": 279, "percent_covered": 84.94623655913979, "percent_covered_display": "85", "missing_lines": 42, "excluded_lines": 1, "percent_statements_covered": 84.94623655913979, "percent_statements_covered_display": "85"}, "missing_lines": [47, 58, 63, 64, 65, 66, 67, 68, 69, 70, 71, 72, 73, 74, 75, 76, 77, 78, 79, 80, 81, 84, 85, 86, 87, 90, 91, 94, 95, 96, 463, 464, 465, 466, 467, 469, 470, 471, 472, 473, 474, 475], "excluded_lines": [441], "functions": {"pivots_confirmados": {"executed_lines": [19, 20, 21, 22, 23, 24, 25], "summary": {"covered_lines": 7, "num_statements": 7, "percent_covered": 100.0, "percent_covered_display": "100", "missing_lines": 0, "excluded_lines": 0, "percent_statements_covered": 100.0, "percent_statements_covered_display": "100"}, "missing_lines": [], "excluded_lines": [], "start_line": 9}, "ultimos_pivots_confirmados": {"executed_lines": [37, 38, 39, 40, 41, 42], "summary": {"covered_lines": 6, "num_statements": 6, "percent_covered": 100.0, "percent_covered_display": "100", "missing_lines": 0, "excluded_lines": 0, "percent_statements_covered": 100.0, "percent_statements_covered_display": "100"}, "missing_lines": [], "excluded_lines": [], "start_line": 28}, "calcular_indicadores": {"executed_lines": [52, 53, 55, 57, 98, 99, 100, 101, 102, 103, 104, 105, 106, 107, 108, 109, 110, 111, 112, 113, 114, 115, 116, 117, 120, 121, 122, 125, 126, 129, 130, 131, 134, 137, 138, 139, 142, 143, 144, 145, 146, 147, 148, 151, 160, 161, 165, 169, 170, 171, 172, 173, 177, 178, 181, 182, 183, 184, 186, 189, 190, 191, 192, 193, 194, 195, 196], "summary": {"covered_lines": 67, "num_statements": 96, "percent_covered": 69.79166666666667, "percent_covered_display": "70", "missing_lines": 29, "excluded_lines": 0, "percent_statements_covered": 69.79166666666667, "percent_statements_covered_display": "70"}, "missing_lines": [58, 63, 64, 65, 66, 67, 68, 69, 70, 71, 72, 73, 74, 75, 76, 77, 78, 79, 80, 81, 84, 85, 86, 87, 90, 91, 94, 95, 96], "excluded_lines": [], "start_line": 51}, "_stoch_manual": {"executed_lines": [199, 200, 201, 202], "summary": {"covered_lines": 4, "num_statements": 4, "percent_covered": 100.0, "percent_covered_display": "100", "missing_lines": 0, "excluded_lines": 0, "percent_statements_covered": 100.0, "percent_statements_covered_display": "100"}, "missing_lines": [], "excluded_lines": [], "start_line": 198}, "_rsi_manual": {"executed_lines": [205, 206, 207, 208, 209], "summary": {"covered_lines": 5, "num_statements": 5, "percent_covered": 100.0, "percent_covered_display": "100", "missing_lines": 0, "excluded_lines": 0, "percent_statements_covered": 100.0, "percent_statements_covered_display": "100"}, "missing_lines": [], "excluded_lines": [], "start_line": 204}, "_atr_manual": {"executed_lines": [212, 215], "summary": {"covered_lines": 2, "num_statements": 2, "percent_covered": 100.0, "percent_covered_display": "100", "missing_lines": 0, "excluded_lines": 0, "percent_statements_covered": 100.0, "percent_statements_covered_display": "100"}, "missing_lines": [], "excluded_lines": [], "start_line": 211}, "_adx_manual": {"executed_lines": [218, 219, 220, 223, 224, 225, 226, 227], "summary": {"covered_lines": 8, "num_statements": 8, "percent_covered": 100.0, "percent_covered_display": "100", "missing_lines": 0, "excluded_lines": 0, "percent_statements_covered": 100.0, "percent_statements_covered_display": "100"}, "missing_lines": [], "excluded_lines": [], "start_line": 217}, "_mfi_manual": {"executed_lines": [231, 232, 233, 234, 235, 236, 237], "summary": {"covered_lines": 7, "num_statements": 7, "percent_covered": 100.0, "percent_covered_display": "100", "missing_lines": 0, "excluded_lines": 0, "percent_statements_covered": 100.0, "percent_statements_covered_display": "100"}, "missing_lines": [], "excluded_lines": [], "start_line": 229}, "_obv_manual": {"executed_lines": [242, 243], "summary": {"covered_lines": 2, "num_statements": 2, "percent_covered": 100.0, "percent_covered_display": "100", "missing_lines": 0, "excluded_lines": 0, "percent_statements_covered": 100.0, "percent_statements_covered_display": "100"}, "missing_lines": [], "excluded_lines": [], "start_line": 240}, "_cmf_manual": {"executed_lines": [248, 249, 250, 251], "summary": {"covered_lines": 4, "num_statements": 4, "percent_covered": 100.0, "percent_covered_display": "100", "missing_lines": 0, "excluded_lines": 0, "percent_statements_covered": 100.0, "percent_statements_covered_display": "100"}, "missing_lines": [], "excluded_lines": [], "start_line": 246}, "_supertrend_dir": {"executed_lines": [262, 263, 264, 265, 266, 267, 268, 269, 270, 271, 272, 273, 274, 276, 277, 278, 279, 281, 283, 284, 286, 287], "summary": {"covered_lines": 22, "num_statements": 22, "percent_covered": 100.0, "percent_covered_display": "100", "missing_lines": 0, "excluded_lines": 0, "percent_statements_covered": 100.0, "percent_statements_covered_display": "100"}, "missing_lines": [], "excluded_lines": [], "start_line": 254}, "_clv": {"executed_lines": [293, 294], "summary": {"covered_lines": 2, "num_statements": 2, "percent_covered": 100.0, "percent_covered_display": "100", "missing_lines": 0, "excluded_lines": 0, "percent_statements_covered": 100.0, "percent_statements_covered_display": "100"}, "missing_lines": [], "excluded_lines": [], "start_line": 290}, "_high_candle_zones": {"executed_lines": [313, 314, 315, 316, 317, 318, 319, 320, 321, 322, 323, 324, 325, 326, 327], "summary": {"covered_lines": 15, "num_statements": 15, "percent_covered": 100.0, "percent_covered_display": "100", "missing_lines": 0, "excluded_lines": 0, "percent_statements_covered": 100.0, "percent_statements_covered_display": "100"}, "missing_lines": [], "excluded_lines": [], "start_line": 297}, "detectar_divergencia": {"executed_lines": [342, 343, 344, 345, 347, 348, 349, 351, 352, 353, 354, 356, 357, 358, 359, 361], "summary": {"covered_lines": 16, "num_statements": 16, "percent_covered": 100.0, "percent_covered_display": "100", "missing_lines": 0, "excluded_lines": 0, "percent_statements_covered": 100.0, "percent_statements_covered_display": "100"}, "missing_lines": [], "excluded_lines": [], "start_line": 331}, "encontrar_zonas_demanda_oferta": {"executed_lines": [373, 374, 376, 377, 379, 380, 381, 385, 386, 387, 388, 390, 397, 398, 400], "summary": {"covered_lines": 15, "num_statements": 15, "percent_covered": 100.0, "percent_covered_display": "100", "missing_lines": 0, "excluded_lines": 0, "percent_statements_covered": 100.0, "percent_statements_covered_display": "100"}, "missing_lines": [], "excluded_lines": [], "start_line": 363}, "encontrar_zonas_demanda_oferta._tem_zona_com_toques_minimos": {"executed_lines": [391, 392, 393, 394, 395], "summary": {"covered_lines": 5, "num_statements": 5, "percent_covered": 100.0, "percent_covered_display": "100", "missing_lines": 0, "excluded_lines": 0, "percent_statements_covered": 100.0, "percent_statements_covered_display": "100"}, "missing_lines": [], "excluded_lines": [], "start_line": 390}, "_r_squared": {"executed_lines": [403, 404, 405, 406, 407, 408], "summary": {"covered_lines": 6, "num_statements": 6, "percent_covered": 100.0, "percent_covered_display": "100", "missing_lines": 0, "excluded_lines": 0, "percent_statements_covered": 100.0, "percent_statements_covered_display": "100"}, "missing_lines": [], "excluded_lines": [], "start_line": 402}, "detectar_canal_linear": {"executed_lines": [416, 417, 419, 420, 421, 423, 424, 425, 426, 427, 429, 430, 431, 433, 434, 435, 436, 437], "summary": {"covered_lines": 18, "num_statements": 18, "percent_covered": 100.0, "percent_covered_display": "100", "missing_lines": 0, "excluded_lines": 0, "percent_statements_covered": 100.0, "percent_statements_covered_display": "100"}, "missing_lines": [], "excluded_lines": [], "start_line": 411}, "obter_vxbr_diaria": {"executed_lines": [], "summary": {"covered_lines": 0, "num_statements": 12, "percent_covered": 0.0, "percent_covered_display": "0", "missing_lines": 12, "excluded_lines": 1, "percent_statements_covered": 0.0, "percent_statements_covered_display": "0"}, "missing_lines": [463, 464, 465, 466, 467, 469, 470, 471, 472, 473, 474, 475], "excluded_lines": [441], "start_line": 440}, "": {"executed_lines": [1, 3, 4, 6, 9, 28, 45, 46, 48, 49, 51, 198, 204, 211, 217, 229, 240, 246, 254, 290, 297, 331, 363, 402, 411, 440], "summary": {"covered_lines": 26, "num_statements": 27, "percent_covered": 96.29629629629629, "percent_covered_display": "96", "missing_lines": 1, "excluded_lines": 0, "percent_statements_covered": 96.29629629629629, "percent_statements_covered_display": "96"}, "missing_lines": [47], "excluded_lines": [], "start_line": 1}}, "classes": {"": {"executed_lines": [1, 3, 4, 6, 9, 19, 20, 21, 22, 23, 24, 25, 28, 37, 38, 39, 40, 41, 42, 45, 46, 48, 49, 51, 52, 53, 55, 57, 98, 99, 100, 101, 102, 103, 104, 105, 106, 107, 108, 109, 110, 111, 112, 113, 114, 115, 116, 117, 120, 121, 122, 125, 126, 129, 130, 131, 134, 137, 138, 139, 142, 143, 144, 145, 146, 147, 148, 151, 160, 161, 165, 169, 170, 171, 172, 173, 177, 178, 181, 182, 183, 184, 186, 189, 190, 191, 192, 193, 194, 195, 196, 198, 199, 200, 201, 202, 204, 205, 206, 207, 208, 209, 211, 212, 215, 217, 218, 219, 220, 223, 224, 225, 226, 227, 229, 231, 232, 233, 234, 235, 236, 237, 240, 242, 243, 246, 248, 249, 250, 251, 254, 262, 263, 264, 265, 266, 267, 268, 269, 270, 271, 272, 273, 274, 276, 277, 278, 279, 281, 283, 284, 286, 287, 290, 293, 294, 297, 313, 314, 315, 316, 317, 318, 319, 320, 321, 322, 323, 324, 325, 326, 327, 331, 342, 343, 344, 345, 347, 348, 349, 351, 352, 353, 354, 356, 357, 358, 359, 361, 363, 373, 374, 376, 377, 379, 380, 381, 385, 386, 387, 388, 390, 391, 392, 393, 394, 395, 397, 398, 400, 402, 403, 404, 405, 406, 407, 408, 411, 416, 417, 419, 420, 421, 423, 424, 425, 426, 427, 429, 430, 431, 433, 434, 435, 436, 437, 440], "summary": {"covered_lines": 237, "num_statements": 279, "percent_covered": 84.94623655913979, "percent_covered_display": "85", "missing_lines": 42, "excluded_lines": 1, "percent_statements_covered": 84.94623655913979, "percent_statements_covered_display": "85"}, "missing_lines": [47, 58, 63, 64, 65, 66, 67, 68, 69, 70, 71, 72, 73, 74, 75, 76, 77, 78, 79, 80, 81, 84, 85, 86, 87, 90, 91, 94, 95, 96, 463, 464, 465, 466, 467, 469, 470, 471, 472, 473, 474, 475], "excluded_lines": [441], "start_line": 1}}}, "backend\\domain\\options_math.py": {"executed_lines": [1, 2, 3, 5, 6, 8, 9, 10, 12, 13, 15, 17, 18, 19, 20, 22, 23, 25, 26, 27, 28, 30, 32, 33, 34, 35, 37, 39, 40, 41, 42, 43, 44, 45, 46, 47, 48, 50, 52, 53, 54, 63, 67, 68, 69, 70, 73, 76, 77, 78, 79, 81, 82, 84, 85, 88, 89, 90, 91, 93, 96, 98, 100, 101, 103, 104, 105, 106, 107, 110, 112, 114, 116, 118, 126, 127, 128, 129, 130, 131, 132, 137, 147, 149, 150, 151, 152, 153, 154, 156, 157, 158, 160, 161, 163], "summary": {"covered_lines": 95, "num_statements": 98, "percent_covered": 96.93877551020408, "percent_covered_display": "97", "missing_lines": 3, "excluded_lines": 0, "percent_statements_covered": 96.93877551020408, "percent_statements_covered_display": "97"}, "missing_lines": [133, 134, 135], "excluded_lines": [], "functions": {"decodificar_opcao_b3": {"executed_lines": [18, 19, 20, 22, 23, 25, 26, 27, 28, 30, 32, 33, 34, 35, 37, 39, 40, 41, 42, 43, 44, 45, 46, 47, 48, 50, 52, 53, 54], "summary": {"covered_lines": 29, "num_statements": 29, "percent_covered": 100.0, "percent_covered_display": "100", "missing_lines": 0, "excluded_lines": 0, "percent_statements_covered": 100.0, "percent_statements_covered_display": "100"}, "missing_lines": [], "excluded_lines": [], "start_line": 17}, "_proximo_vencimento_b3": {"executed_lines": [67, 68, 69, 70, 73, 76, 77, 78, 79, 81, 82, 84, 85, 88, 89, 90, 91, 93, 96], "summary": {"covered_lines": 19, "num_statements": 19, "percent_covered": 100.0, "percent_covered_display": "100", "missing_lines": 0, "excluded_lines": 0, "percent_statements_covered": 100.0, "percent_statements_covered_display": "100"}, "missing_lines": [], "excluded_lines": [], "start_line": 63}, "mes_vencimento_ideal": {"executed_lines": [100, 101], "summary": {"covered_lines": 2, "num_statements": 2, "percent_covered": 100.0, "percent_covered_display": "100", "missing_lines": 0, "excluded_lines": 0, "percent_statements_covered": 100.0, "percent_statements_covered_display": "100"}, "missing_lines": [], "excluded_lines": [], "start_line": 98}, "estimar_iv_historica": {"executed_lines": [104, 105, 106, 107, 110, 112, 114, 116], "summary": {"covered_lines": 8, "num_statements": 8, "percent_covered": 100.0, "percent_covered_display": "100", "missing_lines": 0, "excluded_lines": 0, "percent_statements_covered": 100.0, "percent_statements_covered_display": "100"}, "missing_lines": [], "excluded_lines": [], "start_line": 103}, "estimar_premio_otm": {"executed_lines": [126, 127, 128, 129, 130, 131, 132], "summary": {"covered_lines": 7, "num_statements": 10, "percent_covered": 70.0, "percent_covered_display": "70", "missing_lines": 3, "excluded_lines": 0, "percent_statements_covered": 70.0, "percent_statements_covered_display": "70"}, "missing_lines": [133, 134, 135], "excluded_lines": [], "start_line": 118}, "resolver_iv": {"executed_lines": [147, 149, 150, 151, 152, 153, 154, 156, 157, 158, 160, 161, 163], "summary": {"covered_lines": 13, "num_statements": 13, "percent_covered": 100.0, "percent_covered_display": "100", "missing_lines": 0, "excluded_lines": 0, "percent_statements_covered": 100.0, "percent_statements_covered_display": "100"}, "missing_lines": [], "excluded_lines": [], "start_line": 137}, "": {"executed_lines": [1, 2, 3, 5, 6, 8, 9, 10, 12, 13, 15, 17, 63, 98, 103, 118, 137], "summary": {"covered_lines": 17, "num_statements": 17, "percent_covered": 100.0, "percent_covered_display": "100", "missing_lines": 0, "excluded_lines": 0, "percent_statements_covered": 100.0, "percent_statements_covered_display": "100"}, "missing_lines": [], "excluded_lines": [], "start_line": 1}}, "classes": {"": {"executed_lines": [1, 2, 3, 5, 6, 8, 9, 10, 12, 13, 15, 17, 18, 19, 20, 22, 23, 25, 26, 27, 28, 30, 32, 33, 34, 35, 37, 39, 40, 41, 42, 43, 44, 45, 46, 47, 48, 50, 52, 53, 54, 63, 67, 68, 69, 70, 73, 76, 77, 78, 79, 81, 82, 84, 85, 88, 89, 90, 91, 93, 96, 98, 100, 101, 103, 104, 105, 106, 107, 110, 112, 114, 116, 118, 126, 127, 128, 129, 130, 131, 132, 137, 147, 149, 150, 151, 152, 153, 154, 156, 157, 158, 160, 161, 163], "summary": {"covered_lines": 95, "num_statements": 98, "percent_covered": 96.93877551020408, "percent_covered_display": "97", "missing_lines": 3, "excluded_lines": 0, "percent_statements_covered": 96.93877551020408, "percent_statements_covered_display": "97"}, "missing_lines": [133, 134, 135], "excluded_lines": [], "start_line": 1}}}, "backend\\domain\\outcome.py": {"executed_lines": [11, 12, 14, 17, 18, 21, 28, 31, 32, 33, 34, 35, 36, 37, 38, 40, 41, 42, 43, 46, 47, 48, 49, 50, 53, 55, 56, 57, 58, 59, 60, 61, 62, 63, 64, 65, 68, 69, 70, 73, 80, 81, 82, 83, 85, 86, 88, 89, 91, 105, 111, 118, 119, 120, 121], "summary": {"covered_lines": 55, "num_statements": 58, "percent_covered": 94.82758620689656, "percent_covered_display": "95", "missing_lines": 3, "excluded_lines": 0, "percent_statements_covered": 94.82758620689656, "percent_statements_covered_display": "95"}, "missing_lines": [29, 44, 51], "excluded_lines": [], "functions": {"eh_ganho": {"executed_lines": [18], "summary": {"covered_lines": 1, "num_statements": 1, "percent_covered": 100.0, "percent_covered_display": "100", "missing_lines": 0, "excluded_lines": 0, "percent_statements_covered": 100.0, "percent_statements_covered_display": "100"}, "missing_lines": [], "excluded_lines": [], "start_line": 17}, "avaliar_desfecho": {"executed_lines": [28, 31, 32, 33, 34, 35, 36, 37, 38, 40, 41, 42, 43, 46, 47, 48, 49, 50, 53, 55, 56, 57, 58, 59, 60, 61, 62, 63, 64, 65, 68, 69, 70], "summary": {"covered_lines": 33, "num_statements": 36, "percent_covered": 91.66666666666667, "percent_covered_display": "92", "missing_lines": 3, "excluded_lines": 0, "percent_statements_covered": 91.66666666666667, "percent_statements_covered_display": "92"}, "missing_lines": [29, 44, 51], "excluded_lines": [], "start_line": 21}, "comparar_por_desfecho": {"executed_lines": [80, 81, 82, 83, 85, 86, 88, 91], "summary": {"covered_lines": 8, "num_statements": 8, "percent_covered": 100.0, "percent_covered_display": "100", "missing_lines": 0, "excluded_lines": 0, "percent_statements_covered": 100.0, "percent_statements_covered_display": "100"}, "missing_lines": [], "excluded_lines": [], "start_line": 73}, "comparar_por_desfecho.pct": {"executed_lines": [89], "summary": {"covered_lines": 1, "num_statements": 1, "percent_covered": 100.0, "percent_covered_display": "100", "missing_lines": 0, "excluded_lines": 0, "percent_statements_covered": 100.0, "percent_statements_covered_display": "100"}, "missing_lines": [], "excluded_lines": [], "start_line": 88}, "retorno_pct_do_desfecho": {"executed_lines": [118, 119, 120, 121], "summary": {"covered_lines": 4, "num_statements": 4, "percent_covered": 100.0, "percent_covered_display": "100", "missing_lines": 0, "excluded_lines": 0, "percent_statements_covered": 100.0, "percent_statements_covered_display": "100"}, "missing_lines": [], "excluded_lines": [], "start_line": 111}, "": {"executed_lines": [11, 12, 14, 17, 21, 73, 105, 111], "summary": {"covered_lines": 8, "num_statements": 8, "percent_covered": 100.0, "percent_covered_display": "100", "missing_lines": 0, "excluded_lines": 0, "percent_statements_covered": 100.0, "percent_statements_covered_display": "100"}, "missing_lines": [], "excluded_lines": [], "start_line": 1}}, "classes": {"": {"executed_lines": [11, 12, 14, 17, 18, 21, 28, 31, 32, 33, 34, 35, 36, 37, 38, 40, 41, 42, 43, 46, 47, 48, 49, 50, 53, 55, 56, 57, 58, 59, 60, 61, 62, 63, 64, 65, 68, 69, 70, 73, 80, 81, 82, 83, 85, 86, 88, 89, 91, 105, 111, 118, 119, 120, 121], "summary": {"covered_lines": 55, "num_statements": 58, "percent_covered": 94.82758620689656, "percent_covered_display": "95", "missing_lines": 3, "excluded_lines": 0, "percent_statements_covered": 94.82758620689656, "percent_statements_covered_display": "95"}, "missing_lines": [29, 44, 51], "excluded_lines": [], "start_line": 1}}}, "backend\\domain\\scoring.py": {"executed_lines": [24, 27, 28, 31, 37, 38, 41, 42, 43, 44, 46, 49, 50, 52, 55, 56, 57, 58, 59, 64, 65, 66, 67, 68, 69, 71, 74, 75, 76, 77, 78, 79, 80, 81, 82, 84, 85, 87, 90, 91, 92, 93, 94, 95, 96, 99, 101, 102, 103, 105, 108, 111, 112, 113, 114, 115, 116, 119, 121, 122, 123, 126, 129, 130, 131, 133, 136, 137, 138, 139, 140, 142, 145, 146, 147, 148, 149, 152, 153, 154, 155, 156, 157, 158, 161, 162, 163, 165, 166, 168, 169, 176, 192, 193, 194, 195, 196, 198, 199, 200, 201, 203, 205, 206, 207, 208, 209, 210, 211, 220, 273, 283, 290, 291, 292, 293, 294, 295, 297, 298, 305, 317, 319, 320, 321, 322, 323, 324, 327, 339, 340, 342, 343, 344, 347, 348, 349, 350, 351, 354, 355, 356, 361, 362, 363, 364, 365, 366, 369, 372, 373, 374, 379, 389, 392, 393, 394, 395, 397, 400, 401, 402, 403, 404, 405, 407, 408, 413, 416, 419, 423, 424, 425, 428, 434, 436, 437, 439, 442, 467, 468, 471, 472, 473, 476, 477, 478, 479, 482, 483, 484, 488, 489, 490, 491, 494, 495, 496, 497, 499, 500, 507, 517, 518, 520], "summary": {"covered_lines": 205, "num_statements": 219, "percent_covered": 93.60730593607306, "percent_covered_display": "94", "missing_lines": 14, "excluded_lines": 0, "percent_statements_covered": 93.60730593607306, "percent_statements_covered_display": "94"}, "missing_lines": [61, 83, 97, 104, 106, 117, 124, 358, 375, 376, 414, 435, 438, 485], "excluded_lines": [], "functions": {"_trend_points": {"executed_lines": [28], "summary": {"covered_lines": 1, "num_statements": 1, "percent_covered": 100.0, "percent_covered_display": "100", "missing_lines": 0, "excluded_lines": 0, "percent_statements_covered": 100.0, "percent_statements_covered_display": "100"}, "missing_lines": [], "excluded_lines": [], "start_line": 27}, "score_ponderado": {"executed_lines": [37, 38, 41, 42, 43, 44, 46, 49, 50, 52, 55, 56, 57, 58, 59, 64, 65, 66, 67, 68, 69, 71, 74, 75, 76, 77, 78, 79, 80, 81, 82, 84, 85, 87, 90, 91, 92, 93, 94, 95, 96, 99, 101, 102, 103, 105, 108, 111, 112, 113, 114, 115, 116, 119, 121, 122, 123, 126, 129, 130, 131, 133, 136, 137, 138, 139, 140, 142, 145, 146, 147, 148, 149, 152, 153, 154, 155, 156, 157, 158, 161, 162, 163, 165, 166, 168, 169], "summary": {"covered_lines": 87, "num_statements": 94, "percent_covered": 92.55319148936171, "percent_covered_display": "93", "missing_lines": 7, "excluded_lines": 0, "percent_statements_covered": 92.55319148936171, "percent_statements_covered_display": "93"}, "missing_lines": [61, 83, 97, 104, 106, 117, 124], "excluded_lines": [], "start_line": 31}, "avaliar_filtro_iv": {"executed_lines": [192, 193, 194, 195, 196, 198, 199, 200, 201, 203, 205, 206, 207, 208, 209, 210, 211], "summary": {"covered_lines": 17, "num_statements": 17, "percent_covered": 100.0, "percent_covered_display": "100", "missing_lines": 0, "excluded_lines": 0, "percent_statements_covered": 100.0, "percent_statements_covered_display": "100"}, "missing_lines": [], "excluded_lines": [], "start_line": 176}, "calcular_familias": {"executed_lines": [283, 290, 291, 292, 293, 294, 295, 297, 298], "summary": {"covered_lines": 9, "num_statements": 9, "percent_covered": 100.0, "percent_covered_display": "100", "missing_lines": 0, "excluded_lines": 0, "percent_statements_covered": 100.0, "percent_statements_covered_display": "100"}, "missing_lines": [], "excluded_lines": [], "start_line": 273}, "classificar_setup": {"executed_lines": [317, 319, 320, 321, 322, 323, 324], "summary": {"covered_lines": 7, "num_statements": 7, "percent_covered": 100.0, "percent_covered_display": "100", "missing_lines": 0, "excluded_lines": 0, "percent_statements_covered": 100.0, "percent_statements_covered_display": "100"}, "missing_lines": [], "excluded_lines": [], "start_line": 305}, "avaliar_vetos_tecnicos": {"executed_lines": [339, 340, 342, 343, 344, 347, 348, 349, 350, 351, 354, 355, 356, 361, 362, 363, 364, 365, 366, 369], "summary": {"covered_lines": 20, "num_statements": 21, "percent_covered": 95.23809523809524, "percent_covered_display": "95", "missing_lines": 1, "excluded_lines": 0, "percent_statements_covered": 95.23809523809524, "percent_statements_covered_display": "95"}, "missing_lines": [358], "excluded_lines": [], "start_line": 327}, "_isnan": {"executed_lines": [373, 374], "summary": {"covered_lines": 2, "num_statements": 4, "percent_covered": 50.0, "percent_covered_display": "50", "missing_lines": 2, "excluded_lines": 0, "percent_statements_covered": 50.0, "percent_statements_covered_display": "50"}, "missing_lines": [375, 376], "excluded_lines": [], "start_line": 372}, "calcular_classe_v2": {"executed_lines": [389, 392, 393, 394, 395, 397, 400, 401, 402, 403, 404, 405, 407, 408, 413, 416], "summary": {"covered_lines": 16, "num_statements": 17, "percent_covered": 94.11764705882354, "percent_covered_display": "94", "missing_lines": 1, "excluded_lines": 0, "percent_statements_covered": 94.11764705882354, "percent_statements_covered_display": "94"}, "missing_lines": [414], "excluded_lines": [], "start_line": 379}, "divergencia_premio_pct": {"executed_lines": [423, 424, 425], "summary": {"covered_lines": 3, "num_statements": 3, "percent_covered": 100.0, "percent_covered_display": "100", "missing_lines": 0, "excluded_lines": 0, "percent_statements_covered": 100.0, "percent_statements_covered_display": "100"}, "missing_lines": [], "excluded_lines": [], "start_line": 419}, "sizing_sugerido_pct": {"executed_lines": [434, 436, 437, 439], "summary": {"covered_lines": 4, "num_statements": 6, "percent_covered": 66.66666666666667, "percent_covered_display": "67", "missing_lines": 2, "excluded_lines": 0, "percent_statements_covered": 66.66666666666667, "percent_statements_covered_display": "67"}, "missing_lines": [435, 438], "excluded_lines": [], "start_line": 428}, "avaliar_filtro_liquidez_shadow": {"executed_lines": [467, 468, 471, 472, 473, 476, 477, 478, 479, 482, 483, 484, 488, 489, 490, 491, 494, 495, 496, 497, 499, 500], "summary": {"covered_lines": 22, "num_statements": 23, "percent_covered": 95.65217391304348, "percent_covered_display": "96", "missing_lines": 1, "excluded_lines": 0, "percent_statements_covered": 95.65217391304348, "percent_statements_covered_display": "96"}, "missing_lines": [485], "excluded_lines": [], "start_line": 442}, "parametros_setup_shadow": {"executed_lines": [517, 518, 520], "summary": {"covered_lines": 3, "num_statements": 3, "percent_covered": 100.0, "percent_covered_display": "100", "missing_lines": 0, "excluded_lines": 0, "percent_statements_covered": 100.0, "percent_statements_covered_display": "100"}, "missing_lines": [], "excluded_lines": [], "start_line": 507}, "": {"executed_lines": [24, 27, 31, 176, 220, 273, 305, 327, 372, 379, 419, 428, 442, 507], "summary": {"covered_lines": 14, "num_statements": 14, "percent_covered": 100.0, "percent_covered_display": "100", "missing_lines": 0, "excluded_lines": 0, "percent_statements_covered": 100.0, "percent_statements_covered_display": "100"}, "missing_lines": [], "excluded_lines": [], "start_line": 1}}, "classes": {"": {"executed_lines": [24, 27, 28, 31, 37, 38, 41, 42, 43, 44, 46, 49, 50, 52, 55, 56, 57, 58, 59, 64, 65, 66, 67, 68, 69, 71, 74, 75, 76, 77, 78, 79, 80, 81, 82, 84, 85, 87, 90, 91, 92, 93, 94, 95, 96, 99, 101, 102, 103, 105, 108, 111, 112, 113, 114, 115, 116, 119, 121, 122, 123, 126, 129, 130, 131, 133, 136, 137, 138, 139, 140, 142, 145, 146, 147, 148, 149, 152, 153, 154, 155, 156, 157, 158, 161, 162, 163, 165, 166, 168, 169, 176, 192, 193, 194, 195, 196, 198, 199, 200, 201, 203, 205, 206, 207, 208, 209, 210, 211, 220, 273, 283, 290, 291, 292, 293, 294, 295, 297, 298, 305, 317, 319, 320, 321, 322, 323, 324, 327, 339, 340, 342, 343, 344, 347, 348, 349, 350, 351, 354, 355, 356, 361, 362, 363, 364, 365, 366, 369, 372, 373, 374, 379, 389, 392, 393, 394, 395, 397, 400, 401, 402, 403, 404, 405, 407, 408, 413, 416, 419, 423, 424, 425, 428, 434, 436, 437, 439, 442, 467, 468, 471, 472, 473, 476, 477, 478, 479, 482, 483, 484, 488, 489, 490, 491, 494, 495, 496, 497, 499, 500, 507, 517, 518, 520], "summary": {"covered_lines": 205, "num_statements": 219, "percent_covered": 93.60730593607306, "percent_covered_display": "94", "missing_lines": 14, "excluded_lines": 0, "percent_statements_covered": 93.60730593607306, "percent_statements_covered_display": "94"}, "missing_lines": [61, 83, 97, 104, 106, 117, 124, 358, 375, 376, 414, 435, 438, 485], "excluded_lines": [], "start_line": 1}}}, "backend\\domain\\setups.py": {"executed_lines": [7, 9, 12, 13, 14, 15, 16, 17, 20, 26, 28, 29, 30, 31, 32, 33, 37, 39, 40, 42, 43, 44, 45, 46, 47, 49, 52, 55, 57, 58, 60, 61, 62, 63, 64, 65, 66, 68, 69, 71, 72, 73, 76, 77, 79, 82, 84, 85, 87, 88, 89, 90, 91, 93, 94, 96, 99, 101, 102, 104, 106, 107, 108, 109, 111, 114, 116, 117, 119, 120, 121, 122, 123, 125, 128, 131, 133, 134, 136, 137, 138, 139, 140, 141, 142, 144, 147, 149, 150, 152, 153, 154, 155, 156, 158, 159, 160, 161, 162, 164, 167, 169, 170, 172, 173, 174, 175, 176, 180, 182, 183, 185, 186, 187, 188, 189, 190, 191, 192, 193, 197, 199], "summary": {"covered_lines": 122, "num_statements": 141, "percent_covered": 86.52482269503547, "percent_covered_display": "87", "missing_lines": 19, "excluded_lines": 0, "percent_statements_covered": 86.52482269503547, "percent_statements_covered_display": "87"}, "missing_lines": [27, 34, 41, 50, 59, 74, 86, 103, 118, 126, 135, 143, 151, 157, 163, 171, 177, 184, 194], "excluded_lines": [], "functions": {"_tendencia_ema9": {"executed_lines": [26, 28, 29, 30, 31, 32, 33], "summary": {"covered_lines": 7, "num_statements": 9, "percent_covered": 77.77777777777777, "percent_covered_display": "78", "missing_lines": 2, "excluded_lines": 0, "percent_statements_covered": 77.77777777777777, "percent_statements_covered_display": "78"}, "missing_lines": [27, 34], "excluded_lines": [], "start_line": 20}, "larry_91": {"executed_lines": [39, 40, 42, 43, 44, 45, 46, 47, 49, 52], "summary": {"covered_lines": 10, "num_statements": 12, "percent_covered": 83.33333333333333, "percent_covered_display": "83", "missing_lines": 2, "excluded_lines": 0, "percent_statements_covered": 83.33333333333333, "percent_statements_covered_display": "83"}, "missing_lines": [41, 50], "excluded_lines": [], "start_line": 37}, "larry_92": {"executed_lines": [57, 58, 60, 61, 62, 63, 64, 65, 66, 68, 69, 71, 72, 73, 76, 77, 79], "summary": {"covered_lines": 17, "num_statements": 19, "percent_covered": 89.47368421052632, "percent_covered_display": "89", "missing_lines": 2, "excluded_lines": 0, "percent_statements_covered": 89.47368421052632, "percent_statements_covered_display": "89"}, "missing_lines": [59, 74], "excluded_lines": [], "start_line": 55}, "larry_93": {"executed_lines": [84, 85, 87, 88, 89, 90, 91, 93, 94, 96], "summary": {"covered_lines": 10, "num_statements": 11, "percent_covered": 90.9090909090909, "percent_covered_display": "91", "missing_lines": 1, "excluded_lines": 0, "percent_statements_covered": 90.9090909090909, "percent_statements_covered_display": "91"}, "missing_lines": [86], "excluded_lines": [], "start_line": 82}, "inside_bar": {"executed_lines": [101, 102, 104, 106, 107, 108, 109, 111], "summary": {"covered_lines": 8, "num_statements": 9, "percent_covered": 88.88888888888889, "percent_covered_display": "89", "missing_lines": 1, "excluded_lines": 0, "percent_statements_covered": 88.88888888888889, "percent_statements_covered_display": "89"}, "missing_lines": [103], "excluded_lines": [], "start_line": 99}, "rompimento": {"executed_lines": [116, 117, 119, 120, 121, 122, 123, 125, 128], "summary": {"covered_lines": 9, "num_statements": 11, "percent_covered": 81.81818181818181, "percent_covered_display": "82", "missing_lines": 2, "excluded_lines": 0, "percent_statements_covered": 81.81818181818181, "percent_statements_covered_display": "82"}, "missing_lines": [118, 126], "excluded_lines": [], "start_line": 114}, "engolfo": {"executed_lines": [133, 134, 136, 137, 138, 139, 140, 141, 142, 144], "summary": {"covered_lines": 10, "num_statements": 12, "percent_covered": 83.33333333333333, "percent_covered_display": "83", "missing_lines": 2, "excluded_lines": 0, "percent_statements_covered": 83.33333333333333, "percent_statements_covered_display": "83"}, "missing_lines": [135, 143], "excluded_lines": [], "start_line": 131}, "pin_bar": {"executed_lines": [149, 150, 152, 153, 154, 155, 156, 158, 159, 160, 161, 162, 164], "summary": {"covered_lines": 13, "num_statements": 16, "percent_covered": 81.25, "percent_covered_display": "81", "missing_lines": 3, "excluded_lines": 0, "percent_statements_covered": 81.25, "percent_statements_covered_display": "81"}, "missing_lines": [151, 157, 163], "excluded_lines": [], "start_line": 147}, "doji": {"executed_lines": [169, 170, 172, 173, 174, 175, 176], "summary": {"covered_lines": 7, "num_statements": 9, "percent_covered": 77.77777777777777, "percent_covered_display": "78", "missing_lines": 2, "excluded_lines": 0, "percent_statements_covered": 77.77777777777777, "percent_statements_covered_display": "78"}, "missing_lines": [171, 177], "excluded_lines": [], "start_line": 167}, "pullback_media": {"executed_line
[...]
overed_lines": 4, "num_statements": 4, "percent_covered": 100.0, "percent_covered_display": "100", "missing_lines": 0, "excluded_lines": 0, "percent_statements_covered": 100.0, "percent_statements_covered_display": "100"}, "missing_lines": [], "excluded_lines": [], "start_line": 57}, "unregister_alert_queue": {"executed_lines": [65, 66, 67], "summary": {"covered_lines": 3, "num_statements": 3, "percent_covered": 100.0, "percent_covered_display": "100", "missing_lines": 0, "excluded_lines": 0, "percent_statements_covered": 100.0, "percent_statements_covered_display": "100"}, "missing_lines": [], "excluded_lines": [], "start_line": 64}, "broadcast_alert": {"executed_lines": [71, 72, 73, 74, 75], "summary": {"covered_lines": 5, "num_statements": 11, "percent_covered": 45.45454545454545, "percent_covered_display": "45", "missing_lines": 6, "excluded_lines": 0, "percent_statements_covered": 45.45454545454545, "percent_statements_covered_display": "45"}, "missing_lines": [76, 77, 78, 79, 80, 81], "excluded_lines": [], "start_line": 70}, "_maybe_broadcast": {"executed_lines": [87, 88, 89, 95, 96, 97, 98, 99], "summary": {"covered_lines": 8, "num_statements": 12, "percent_covered": 66.66666666666667, "percent_covered_display": "67", "missing_lines": 4, "excluded_lines": 0, "percent_statements_covered": 66.66666666666667, "percent_statements_covered_display": "67"}, "missing_lines": [90, 91, 92, 93], "excluded_lines": [], "start_line": 84}, "persist_signals": {"executed_lines": [105, 106, 107, 108, 109, 110, 112, 113, 114, 187, 188, 189, 190, 191], "summary": {"covered_lines": 14, "num_statements": 14, "percent_covered": 100.0, "percent_covered_display": "100", "missing_lines": 0, "excluded_lines": 0, "percent_statements_covered": 100.0, "percent_statements_covered_display": "100"}, "missing_lines": [], "excluded_lines": [], "start_line": 103}, "cleanup_old_signals": {"executed_lines": [196, 197, 198, 199, 200, 201, 202, 203, 204], "summary": {"covered_lines": 9, "num_statements": 9, "percent_covered": 100.0, "percent_covered_display": "100", "missing_lines": 0, "excluded_lines": 0, "percent_statements_covered": 100.0, "percent_statements_covered_display": "100"}, "missing_lines": [], "excluded_lines": [], "start_line": 194}, "rebuild_historico_sinais": {"executed_lines": [210, 211, 212, 213, 214, 215, 216, 221, 222, 223, 224, 225, 226, 227, 228, 229, 230, 231, 232, 233, 236, 237, 238, 239, 240], "summary": {"covered_lines": 25, "num_statements": 25, "percent_covered": 100.0, "percent_covered_display": "100", "missing_lines": 0, "excluded_lines": 0, "percent_statements_covered": 100.0, "percent_statements_covered_display": "100"}, "missing_lines": [], "excluded_lines": [], "start_line": 207}, "_normalize_ticker": {"executed_lines": [245, 246], "summary": {"covered_lines": 2, "num_statements": 2, "percent_covered": 100.0, "percent_covered_display": "100", "missing_lines": 0, "excluded_lines": 0, "percent_statements_covered": 100.0, "percent_statements_covered_display": "100"}, "missing_lines": [], "excluded_lines": [], "start_line": 244}, "analyse_ticker": {"executed_lines": [252, 253, 255, 256, 257], "summary": {"covered_lines": 5, "num_statements": 5, "percent_covered": 100.0, "percent_covered_display": "100", "missing_lines": 0, "excluded_lines": 0, "percent_statements_covered": 100.0, "percent_statements_covered_display": "100"}, "missing_lines": [], "excluded_lines": [], "start_line": 249}, "sinais_novos": {"executed_lines": [264], "summary": {"covered_lines": 1, "num_statements": 1, "percent_covered": 100.0, "percent_covered_display": "100", "missing_lines": 0, "excluded_lines": 0, "percent_statements_covered": 100.0, "percent_statements_covered_display": "100"}, "missing_lines": [], "excluded_lines": [], "start_line": 260}, "scan_single": {"executed_lines": [272, 273, 274, 275, 276, 277, 278, 279, 280, 281], "summary": {"covered_lines": 10, "num_statements": 10, "percent_covered": 100.0, "percent_covered_display": "100", "missing_lines": 0, "excluded_lines": 0, "percent_statements_covered": 100.0, "percent_statements_covered_display": "100"}, "missing_lines": [], "excluded_lines": [], "start_line": 267}, "scan_batch": {"executed_lines": [287, 288, 289, 294, 295, 296, 297, 298, 300, 301, 302, 303, 304, 306], "summary": {"covered_lines": 14, "num_statements": 14, "percent_covered": 100.0, "percent_covered_display": "100", "missing_lines": 0, "excluded_lines": 0, "percent_statements_covered": 100.0, "percent_statements_covered_display": "100"}, "missing_lines": [], "excluded_lines": [], "start_line": 284}, "scan_batch.do_scan": {"executed_lines": [290, 291, 292], "summary": {"covered_lines": 3, "num_statements": 3, "percent_covered": 100.0, "percent_covered_display": "100", "missing_lines": 0, "excluded_lines": 0, "percent_statements_covered": 100.0, "percent_statements_covered_display": "100"}, "missing_lines": [], "excluded_lines": [], "start_line": 289}, "run_scan": {"executed_lines": [315, 316, 317, 319, 320, 321, 323, 324, 325, 327, 328, 329, 330, 331, 333, 334, 335, 336, 337], "summary": {"covered_lines": 19, "num_statements": 19, "percent_covered": 100.0, "percent_covered_display": "100", "missing_lines": 0, "excluded_lines": 0, "percent_statements_covered": 100.0, "percent_statements_covered_display": "100"}, "missing_lines": [], "excluded_lines": [], "start_line": 309}, "": {"executed_lines": [10, 11, 12, 13, 14, 16, 17, 18, 19, 20, 22, 25, 26, 27, 28, 29, 31, 32, 34, 40, 44, 48, 57, 64, 70, 84, 103, 194, 207, 244, 249, 260, 267, 284, 309], "summary": {"covered_lines": 35, "num_statements": 35, "percent_covered": 100.0, "percent_covered_display": "100", "missing_lines": 0, "excluded_lines": 0, "percent_statements_covered": 100.0, "percent_statements_covered_display": "100"}, "missing_lines": [], "excluded_lines": [], "start_line": 1}}, "classes": {"": {"executed_lines": [10, 11, 12, 13, 14, 16, 17, 18, 19, 20, 22, 25, 26, 27, 28, 29, 31, 32, 34, 40, 41, 44, 45, 48, 51, 52, 53, 57, 58, 59, 60, 61, 64, 65, 66, 67, 70, 71, 72, 73, 74, 75, 84, 87, 88, 89, 95, 96, 97, 98, 99, 103, 105, 106, 107, 108, 109, 110, 112, 113, 114, 187, 188, 189, 190, 191, 194, 196, 197, 198, 199, 200, 201, 202, 203, 204, 207, 210, 211, 212, 213, 214, 215, 216, 221, 222, 223, 224, 225, 226, 227, 228, 229, 230, 231, 232, 233, 236, 237, 238, 239, 240, 244, 245, 246, 249, 252, 253, 255, 256, 257, 260, 264, 267, 272, 273, 274, 275, 276, 277, 278, 279, 280, 281, 284, 287, 288, 289, 290, 291, 292, 294, 295, 296, 297, 298, 300, 301, 302, 303, 304, 306, 309, 315, 316, 317, 319, 320, 321, 323, 324, 325, 327, 328, 329, 330, 331, 333, 334, 335, 336, 337], "summary": {"covered_lines": 162, "num_statements": 174, "percent_covered": 93.10344827586206, "percent_covered_display": "93", "missing_lines": 12, "excluded_lines": 0, "percent_statements_covered": 93.10344827586206, "percent_statements_covered_display": "93"}, "missing_lines": [36, 37, 76, 77, 78, 79, 80, 81, 90, 91, 92, 93], "excluded_lines": [], "start_line": 1}}}, "backend\\services\\signals_repository.py": {"executed_lines": [12, 14, 17, 18, 19, 20, 21, 24, 26, 27, 28, 29, 30, 31, 34, 36, 44, 46], "summary": {"covered_lines": 18, "num_statements": 18, "percent_covered": 100.0, "percent_covered_display": "100", "missing_lines": 0, "excluded_lines": 0, "percent_statements_covered": 100.0, "percent_statements_covered_display": "100"}, "missing_lines": [], "excluded_lines": [], "functions": {"fetch_signals": {"executed_lines": [14, 17, 18, 19, 20, 21], "summary": {"covered_lines": 6, "num_statements": 6, "percent_covered": 100.0, "percent_covered_display": "100", "missing_lines": 0, "excluded_lines": 0, "percent_statements_covered": 100.0, "percent_statements_covered_display": "100"}, "missing_lines": [], "excluded_lines": [], "start_line": 12}, "fetch_history": {"executed_lines": [26, 27, 28, 29, 30, 31], "summary": {"covered_lines": 6, "num_statements": 6, "percent_covered": 100.0, "percent_covered_display": "100", "missing_lines": 0, "excluded_lines": 0, "percent_statements_covered": 100.0, "percent_statements_covered_display": "100"}, "missing_lines": [], "excluded_lines": [], "start_line": 24}, "fetch_analytics": {"executed_lines": [36], "summary": {"covered_lines": 1, "num_statements": 1, "percent_covered": 100.0, "percent_covered_display": "100", "missing_lines": 0, "excluded_lines": 0, "percent_statements_covered": 100.0, "percent_statements_covered_display": "100"}, "missing_lines": [], "excluded_lines": [], "start_line": 34}, "fetch_performance": {"executed_lines": [46], "summary": {"covered_lines": 1, "num_statements": 1, "percent_covered": 100.0, "percent_covered_display": "100", "missing_lines": 0, "excluded_lines": 0, "percent_statements_covered": 100.0, "percent_statements_covered_display": "100"}, "missing_lines": [], "excluded_lines": [], "start_line": 44}, "": {"executed_lines": [12, 24, 34, 44], "summary": {"covered_lines": 4, "num_statements": 4, "percent_covered": 100.0, "percent_covered_display": "100", "missing_lines": 0, "excluded_lines": 0, "percent_statements_covered": 100.0, "percent_statements_covered_display": "100"}, "missing_lines": [], "excluded_lines": [], "start_line": 1}}, "classes": {"": {"executed_lines": [12, 14, 17, 18, 19, 20, 21, 24, 26, 27, 28, 29, 30, 31, 34, 36, 44, 46], "summary": {"covered_lines": 18, "num_statements": 18, "percent_covered": 100.0, "percent_covered_display": "100", "missing_lines": 0, "excluded_lines": 0, "percent_statements_covered": 100.0, "percent_statements_covered_display": "100"}, "missing_lines": [], "excluded_lines": [], "start_line": 1}}}, "backend\\services\\supabase_client.py": {"executed_lines": [6, 7, 8, 10, 13, 14, 17, 24, 27, 28, 30, 31, 37, 38, 39], "summary": {"covered_lines": 15, "num_statements": 22, "percent_covered": 68.18181818181819, "percent_covered_display": "68", "missing_lines": 7, "excluded_lines": 0, "percent_statements_covered": 68.18181818181819, "percent_statements_covered_display": "68"}, "missing_lines": [25, 29, 32, 33, 34, 35, 36], "excluded_lines": [], "functions": {"get_supabase": {"executed_lines": [24, 27, 28, 30, 31, 37, 38, 39], "summary": {"covered_lines": 8, "num_statements": 15, "percent_covered": 53.333333333333336, "percent_covered_display": "53", "missing_lines": 7, "excluded_lines": 0, "percent_statements_covered": 53.333333333333336, "percent_statements_covered_display": "53"}, "missing_lines": [25, 29, 32, 33, 34, 35, 36], "excluded_lines": [], "start_line": 17}, "": {"executed_lines": [6, 7, 8, 10, 13, 14, 17], "summary": {"covered_lines": 7, "num_statements": 7, "percent_covered": 100.0, "percent_covered_display": "100", "missing_lines": 0, "excluded_lines": 0, "percent_statements_covered": 100.0, "percent_statements_covered_display": "100"}, "missing_lines": [], "excluded_lines": [], "start_line": 1}}, "classes": {"": {"executed_lines": [6, 7, 8, 10, 13, 14, 17, 24, 27, 28, 30, 31, 37, 38, 39], "summary": {"covered_lines": 15, "num_statements": 22, "percent_covered": 68.18181818181819, "percent_covered_display": "68", "missing_lines": 7, "excluded_lines": 0, "percent_statements_covered": 68.18181818181819, "percent_statements_covered_display": "68"}, "missing_lines": [25, 29, 32, 33, 34, 35, 36], "excluded_lines": [], "start_line": 1}}}, "backend\\services\\telegram_service.py": {"executed_lines": [6, 7, 8, 9, 11, 13, 14, 16, 18, 20, 24, 27, 28, 29, 30, 31, 32, 34, 35, 36, 37, 39, 40, 41, 42, 43, 44, 45, 46, 47, 48, 50, 51, 52, 53, 54, 55, 56, 57, 58, 59, 60, 61, 64, 67, 68, 69, 70, 73, 74, 75, 76, 77, 78, 79, 80, 83, 84, 85, 86, 87, 89, 90, 91, 92, 94, 100, 102, 104, 113, 114, 123, 124, 125, 126, 127, 128, 129, 130, 131, 134, 135, 136, 137, 138, 139, 140, 142, 147, 148, 150, 152, 153, 155, 157, 158, 159, 160, 161, 162, 165, 172, 173, 174, 175, 177, 178, 179, 180, 181, 182, 183, 184, 186, 187, 188, 189, 190, 191, 194, 198, 199, 200, 201, 203, 221, 222, 223, 229, 235, 236, 237, 238, 239, 240], "summary": {"covered_lines": 135, "num_statements": 138, "percent_covered": 97.82608695652173, "percent_covered_display": "98", "missing_lines": 3, "excluded_lines": 0, "percent_statements_covered": 97.82608695652173, "percent_statements_covered_display": "98"}, "missing_lines": [224, 225, 226], "excluded_lines": [], "functions": {"load_telegram_config": {"executed_lines": [27, 28, 29, 30, 31, 32, 34, 35, 36, 37, 39, 40, 41, 42, 43, 44, 45, 46, 47, 48, 50, 51, 52, 53, 54, 55, 56, 57, 58, 59, 60, 61], "summary": {"covered_lines": 32, "num_statements": 32, "percent_covered": 100.0, "percent_covered_display": "100", "missing_lines": 0, "excluded_lines": 0, "percent_statements_covered": 100.0, "percent_statements_covered_display": "100"}, "missing_lines": [], "excluded_lines": [], "start_line": 24}, "save_telegram_config": {"executed_lines": [67, 68, 69, 70, 73, 74, 75, 76, 77, 78, 79, 80], "summary": {"covered_lines": 12, "num_statements": 12, "percent_covered": 100.0, "percent_covered_display": "100", "missing_lines": 0, "excluded_lines": 0, "percent_statements_covered": 100.0, "percent_statements_covered_display": "100"}, "missing_lines": [], "excluded_lines": [], "start_line": 64}, "enviar_telegram": {"executed_lines": [84, 85, 86, 87, 89, 90, 91, 92, 94, 100, 102, 104, 113, 114, 123, 124, 125, 126, 127, 128, 129, 130, 131, 134, 135, 136, 137, 138, 139, 140, 142, 147, 148, 150, 152, 153, 155, 157, 158, 159, 160, 161, 162], "summary": {"covered_lines": 43, "num_statements": 43, "percent_covered": 100.0, "percent_covered_display": "100", "missing_lines": 0, "excluded_lines": 0, "percent_statements_covered": 100.0, "percent_statements_covered_display": "100"}, "missing_lines": [], "excluded_lines": [], "start_line": 83}, "enviar_mensagem_teste": {"executed_lines": [172, 173, 174, 175, 177, 178, 179, 180, 181, 182, 183, 184, 186, 187, 188, 189, 190, 191], "summary": {"covered_lines": 18, "num_statements": 18, "percent_covered": 100.0, "percent_covered_display": "100", "missing_lines": 0, "excluded_lines": 0, "percent_statements_covered": 100.0, "percent_statements_covered_display": "100"}, "missing_lines": [], "excluded_lines": [], "start_line": 165}, "enviar_card_exemplo": {"executed_lines": [198, 199, 200, 201, 203, 221, 222, 223], "summary": {"covered_lines": 8, "num_statements": 11, "percent_covered": 72.72727272727273, "percent_covered_display": "73", "missing_lines": 3, "excluded_lines": 0, "percent_statements_covered": 72.72727272727273, "percent_statements_covered_display": "73"}, "missing_lines": [224, 225, 226], "excluded_lines": [], "start_line": 194}, "notificar_lote": {"executed_lines": [235, 236, 237, 238, 239, 240], "summary": {"covered_lines": 6, "num_statements": 6, "percent_covered": 100.0, "percent_covered_display": "100", "missing_lines": 0, "excluded_lines": 0, "percent_statements_covered": 100.0, "percent_statements_covered_display": "100"}, "missing_lines": [], "excluded_lines": [], "start_line": 229}, "": {"executed_lines": [6, 7, 8, 9, 11, 13, 14, 16, 18, 20, 24, 64, 83, 165, 194, 229], "summary": {"covered_lines": 16, "num_statements": 16, "percent_covered": 100.0, "percent_covered_display": "100", "missing_lines": 0, "excluded_lines": 0, "percent_statements_covered": 100.0, "percent_statements_covered_display": "100"}, "missing_lines": [], "excluded_lines": [], "start_line": 1}}, "classes": {"": {"executed_lines": [6, 7, 8, 9, 11, 13, 14, 16, 18, 20, 24, 27, 28, 29, 30, 31, 32, 34, 35, 36, 37, 39, 40, 41, 42, 43, 44, 45, 46, 47, 48, 50, 51, 52, 53, 54, 55, 56, 57, 58, 59, 60, 61, 64, 67, 68, 69, 70, 73, 74, 75, 76, 77, 78, 79, 80, 83, 84, 85, 86, 87, 89, 90, 91, 92, 94, 100, 102, 104, 113, 114, 123, 124, 125, 126, 127, 128, 129, 130, 131, 134, 135, 136, 137, 138, 139, 140, 142, 147, 148, 150, 152, 153, 155, 157, 158, 159, 160, 161, 162, 165, 172, 173, 174, 175, 177, 178, 179, 180, 181, 182, 183, 184, 186, 187, 188, 189, 190, 191, 194, 198, 199, 200, 201, 203, 221, 222, 223, 229, 235, 236, 237, 238, 239, 240], "summary": {"covered_lines": 135, "num_statements": 138, "percent_covered": 97.82608695652173, "percent_covered_display": "98", "missing_lines": 3, "excluded_lines": 0, "percent_statements_covered": 97.82608695652173, "percent_statements_covered_display": "98"}, "missing_lines": [224, 225, 226], "excluded_lines": [], "start_line": 1}}}, "backend\\services\\ticker_loader.py": {"executed_lines": [10, 11, 12, 14, 15, 21, 24, 27, 29, 32, 33, 36, 47, 48, 49, 50, 51, 52, 54, 55, 56, 57, 58, 61, 62, 63, 64, 65, 66, 67, 68, 69, 70, 72, 73, 76, 77, 78, 79, 83, 85, 88, 89, 91, 92, 93, 94, 97, 101, 102, 103, 104, 105, 106, 109], "summary": {"covered_lines": 55, "num_statements": 56, "percent_covered": 98.21428571428571, "percent_covered_display": "98", "missing_lines": 1, "excluded_lines": 0, "percent_statements_covered": 98.21428571428571, "percent_statements_covered_display": "98"}, "missing_lines": [115], "excluded_lines": [], "functions": {"clear_cache": {"executed_lines": [29], "summary": {"covered_lines": 1, "num_statements": 1, "percent_covered": 100.0, "percent_covered_display": "100", "missing_lines": 0, "excluded_lines": 0, "percent_statements_covered": 100.0, "percent_statements_covered_display": "100"}, "missing_lines": [], "excluded_lines": [], "start_line": 27}, "_base": {"executed_lines": [33], "summary": {"covered_lines": 1, "num_statements": 1, "percent_covered": 100.0, "percent_covered_display": "100", "missing_lines": 0, "excluded_lines": 0, "percent_statements_covered": 100.0, "percent_statements_covered_display": "100"}, "missing_lines": [], "excluded_lines": [], "start_line": 32}, "carregar_tickers_b3": {"executed_lines": [47, 48, 49, 50, 51, 52, 54, 55, 56, 57, 58, 61, 62, 63, 64, 65, 66, 67, 68, 69, 70, 72, 73, 76, 77, 78, 79, 83, 85, 88, 89, 91, 92, 93, 94], "summary": {"covered_lines": 35, "num_statements": 35, "percent_covered": 100.0, "percent_covered_display": "100", "missing_lines": 0, "excluded_lines": 0, "percent_statements_covered": 100.0, "percent_statements_covered_display": "100"}, "missing_lines": [], "excluded_lines": [], "start_line": 36}, "nome_ativo": {"executed_lines": [101, 102, 103, 104, 105, 106], "summary": {"covered_lines": 6, "num_statements": 6, "percent_covered": 100.0, "percent_covered_display": "100", "missing_lines": 0, "excluded_lines": 0, "percent_statements_covered": 100.0, "percent_statements_covered_display": "100"}, "missing_lines": [], "excluded_lines": [], "start_line": 97}, "get_all_b3_assets": {"executed_lines": [], "summary": {"covered_lines": 0, "num_statements": 1, "percent_covered": 0.0, "percent_covered_display": "0", "missing_lines": 1, "excluded_lines": 0, "percent_statements_covered": 0.0, "percent_statements_covered_display": "0"}, "missing_lines": [115], "excluded_lines": [], "start_line": 109}, "": {"executed_lines": [10, 11, 12, 14, 15, 21, 24, 27, 32, 36, 97, 109], "summary": {"covered_lines": 12, "num_statements": 12, "percent_covered": 100.0, "percent_covered_display": "100", "missing_lines": 0, "excluded_lines": 0, "percent_statements_covered": 100.0, "percent_statements_covered_display": "100"}, "missing_lines": [], "excluded_lines": [], "start_line": 1}}, "classes": {"": {"executed_lines": [10, 11, 12, 14, 15, 21, 24, 27, 29, 32, 33, 36, 47, 48, 49, 50, 51, 52, 54, 55, 56, 57, 58, 61, 62, 63, 64, 65, 66, 67, 68, 69, 70, 72, 73, 76, 77, 78, 79, 83, 85, 88, 89, 91, 92, 93, 94, 97, 101, 102, 103, 104, 105, 106, 109], "summary": {"covered_lines": 55, "num_statements": 56, "percent_covered": 98.21428571428571, "percent_covered_display": "98", "missing_lines": 1, "excluded_lines": 0, "percent_statements_covered": 98.21428571428571, "percent_statements_covered_display": "98"}, "missing_lines": [115], "excluded_lines": [], "start_line": 1}}}}, "totals": {"covered_lines": 3269, "num_statements": 3492, "percent_covered": 93.61397479954181, "percent_covered_display": "94", "missing_lines": 223, "excluded_lines": 2, "percent_statements_covered": 93.61397479954181, "percent_statements_covered_display": "94"}}